Using pre-set license
Built from '2020.3/staging' branch; Version is '2020.3.13f1 (71691879b7f5) revision 7432472'; Using compiler version '192528614'; Build Type 'Release'
OS: 'Windows 10 Pro; OS build 19042.1165; Version 2009; 64bit' Language: 'pt' Physical Memory: 8174 MB
BatchMode: 1, IsHumanControllingUs: 0, StartBugReporterOnCrash: 0, Is64bit: 1, IsPro: 0

 COMMAND LINE ARGUMENTS:
C:\Program Files\Unity\Hub\Editor\2020.3.13f1\Editor\Unity.exe
-adb2
-batchMode
-noUpm
-name
AssetImportWorker1
-projectPath
C:/Users/Pedro/Documents/GitHub/Top-Down-Pirate-Shooter-V2
-logFile
Logs/AssetImportWorker1.log
-srvPort
60107
Successfully changed project path to: C:/Users/Pedro/Documents/GitHub/Top-Down-Pirate-Shooter-V2
C:/Users/Pedro/Documents/GitHub/Top-Down-Pirate-Shooter-V2
Using Asset Import Pipeline V2.
Refreshing native plugins compatible for Editor in 90.48 ms, found 3 plugins.
Preloading 0 native plugins for Editor in 0.00 ms.
Initialize engine version: 2020.3.13f1 (71691879b7f5)
[Subsystems] Discovering subsystems at path C:/Program Files/Unity/Hub/Editor/2020.3.13f1/Editor/Data/Resources/UnitySubsystems
[Subsystems] Discovering subsystems at path C:/Users/Pedro/Documents/GitHub/Top-Down-Pirate-Shooter-V2/Assets
GfxDevice: creating device client; threaded=0
Direct3D:
    Version:  Direct3D 11.0 [level 11.1]
    Renderer: NVIDIA GeForce GTX 1060 3GB (ID=0x1c02)
    Vendor:   
    VRAM:     2988 MB
    Driver:   27.21.14.6089
Initialize mono
Mono path[0] = 'C:/Program Files/Unity/Hub/Editor/2020.3.13f1/Editor/Data/Managed'
Mono path[1] = 'C:/Program Files/Unity/Hub/Editor/2020.3.13f1/Editor/Data/MonoBleedingEdge/lib/mono/unityjit'
Mono config path = 'C:/Program Files/Unity/Hub/Editor/2020.3.13f1/Editor/Data/MonoBleedingEdge/etc'
Using monoOptions --debugger-agent=transport=dt_socket,embedding=1,server=y,suspend=n,address=127.0.0.1:56196
Begin MonoManager ReloadAssembly
Registering precompiled unity dll's ...
Register platform support module: C:/Program Files/Unity/Hub/Editor/2020.3.13f1/Editor/Data/PlaybackEngines/WindowsStandaloneSupport/UnityEditor.WindowsStandalone.Extensions.dll
Registered in 0.119989 seconds.
Native extension for WindowsStandalone target not found
Refreshing native plugins compatible for Editor in 150.08 ms, found 3 plugins.
Preloading 0 native plugins for Editor in 0.00 ms.
Mono: successfully reloaded assembly
- Completed reload, in 14.654 seconds
Platform modules already initialized, skipping
Registering precompiled user dll's ...
Registered in 0.037210 seconds.
Begin MonoManager ReloadAssembly
Native extension for WindowsStandalone target not found
Refreshing native plugins compatible for Editor in 93.00 ms, found 3 plugins.
Preloading 0 native plugins for Editor in 0.00 ms.
Mono: successfully reloaded assembly
- Completed reload, in  2.501 seconds
Platform modules already initialized, skipping
========================================================================
Worker process is ready to serve import requests
Launched and connected shader compiler UnityShaderCompiler.exe after 0.15 seconds
Refreshing native plugins compatible for Editor in 0.89 ms, found 3 plugins.
Preloading 0 native plugins for Editor in 0.00 ms.
Unloading 2415 Unused Serialized files (Serialized files now loaded: 0)
System memory in use before: 106.3 MB.
System memory in use after: 106.4 MB.

Unloading 34 unused Assets to reduce memory usage. Loaded Objects now: 2853.
Total: 4.568700 ms (FindLiveObjects: 0.510600 ms CreateObjectMapping: 0.165900 ms MarkObjects: 3.695200 ms  DeleteObjects: 0.193900 ms)

AssetImportParameters requested are different than current active one (requested -> active):
  custom:framework-win-MediaFoundation: 216162199b28c13a410421893ffa2e32 -> 
  custom:video-decoder-ogg-theora: a1e56fd34408186e4bbccfd4996cb3dc -> 
  custom:container-muxer-webm: aa71ff27fc2769a1b78a27578f13a17b -> 
  custom:container-demuxer-webm: 4f35f7cbe854078d1ac9338744f61a02 -> 
  custom:container-demuxer-ogg: 62fdf1f143b41e24485cea50d1cbac27 -> 
  custom:video-encoder-webm-vp8: eb34c28f22e8b96e1ab97ce403110664 -> 
  custom:video-decoder-webm-vp8: 9c59270c3fd7afecdb556c50c9e8de78 -> 
  custom:audio-decoder-ogg-vorbis: bf7c407c2cedff20999df2af8eb42d56 -> 
  custom:audio-encoder-webm-vorbis: bf7c407c2cedff20999df2af8eb42d56 -> 
========================================================================
Received Import Request.
  path: Assets/Scripts/CustomEditors/PlayerControllerEditor.cs
  artifactKey: Guid(62a1febce60ef744f9f67f4b20482b26) Importer(815301076,1909f56bfc062723c751e8b465ee728b)
Start importing Assets/Scripts/CustomEditors/PlayerControllerEditor.cs using Guid(62a1febce60ef744f9f67f4b20482b26) Importer(815301076,1909f56bfc062723c751e8b465ee728b)  -> (artifact id: 'dd03e41993ccdb8ff67ed2da4d31a2ef') in 0.047942 seconds 
  Import took 0.053740 seconds .

========================================================================
Received Import Request.
  Time since last request: 283.260237 seconds.
  path: Assets/Scripts/CustomEditors/PlayerControllerEditor.cs
  artifactKey: Guid(62a1febce60ef744f9f67f4b20482b26) Importer(815301076,1909f56bfc062723c751e8b465ee728b)
Start importing Assets/Scripts/CustomEditors/PlayerControllerEditor.cs using Guid(62a1febce60ef744f9f67f4b20482b26) Importer(815301076,1909f56bfc062723c751e8b465ee728b)  -> (artifact id: '74dc0d6e07447930d790dd9a36129b3b') in 0.013501 seconds 
  Import took 0.027714 seconds .

========================================================================
Received Import Request.
  Time since last request: 0.001413 seconds.
  path: Assets/Scripts/CustomEditors/PlayerControllerEditor.cs
  artifactKey: Guid(62a1febce60ef744f9f67f4b20482b26) Importer(815301076,1909f56bfc062723c751e8b465ee728b)
Start importing Assets/Scripts/CustomEditors/PlayerControllerEditor.cs using Guid(62a1febce60ef744f9f67f4b20482b26) Importer(815301076,1909f56bfc062723c751e8b465ee728b)  -> (artifact id: '74dc0d6e07447930d790dd9a36129b3b') in 0.005103 seconds 
  Import took 0.011584 seconds .

========================================================================
Received Prepare
Registering precompiled user dll's ...
Registered in 0.006753 seconds.
Begin MonoManager ReloadAssembly
Native extension for WindowsStandalone target not found
Refreshing native plugins compatible for Editor in 0.79 ms, found 3 plugins.
Preloading 0 native plugins for Editor in 0.00 ms.
Mono: successfully reloaded assembly
- Completed reload, in  1.732 seconds
Platform modules already initialized, skipping
Refreshing native plugins compatible for Editor in 0.79 ms, found 3 plugins.
Preloading 0 native plugins for Editor in 0.00 ms.
Unloading 2397 Unused Serialized files (Serialized files now loaded: 0)
System memory in use before: 105.3 MB.
System memory in use after: 105.4 MB.

Unloading 21 unused Assets to reduce memory usage. Loaded Objects now: 2856.
Total: 3.426800 ms (FindLiveObjects: 0.312400 ms CreateObjectMapping: 0.143700 ms MarkObjects: 2.788100 ms  DeleteObjects: 0.180900 ms)

AssetImportParameters requested are different than current active one (requested -> active):
  custom:framework-win-MediaFoundation: 216162199b28c13a410421893ffa2e32 -> 
  custom:video-decoder-ogg-theora: a1e56fd34408186e4bbccfd4996cb3dc -> 
  custom:container-muxer-webm: aa71ff27fc2769a1b78a27578f13a17b -> 
  custom:container-demuxer-webm: 4f35f7cbe854078d1ac9338744f61a02 -> 
  custom:container-demuxer-ogg: 62fdf1f143b41e24485cea50d1cbac27 -> 
  custom:video-encoder-webm-vp8: eb34c28f22e8b96e1ab97ce403110664 -> 
  custom:video-decoder-webm-vp8: 9c59270c3fd7afecdb556c50c9e8de78 -> 
  custom:audio-decoder-ogg-vorbis: bf7c407c2cedff20999df2af8eb42d56 -> 
  custom:audio-encoder-webm-vorbis: bf7c407c2cedff20999df2af8eb42d56 -> 
========================================================================
Received Import Request.
  Time since last request: 58.811736 seconds.
  path: Assets/Scripts/CustomEditors/PlayerControllerEditor.cs
  artifactKey: Guid(62a1febce60ef744f9f67f4b20482b26) Importer(815301076,1909f56bfc062723c751e8b465ee728b)
Start importing Assets/Scripts/CustomEditors/PlayerControllerEditor.cs using Guid(62a1febce60ef744f9f67f4b20482b26) Importer(815301076,1909f56bfc062723c751e8b465ee728b)  -> (artifact id: '56bdb7cb4f1ee5f60fb91b07ef88460a') in 0.024792 seconds 
  Import took 0.037736 seconds .

========================================================================
Received Import Request.
  Time since last request: 0.133052 seconds.
  path: Assets/Scripts/CustomEditors/PlayerControllerEditor.cs
  artifactKey: Guid(62a1febce60ef744f9f67f4b20482b26) Importer(815301076,1909f56bfc062723c751e8b465ee728b)
Start importing Assets/Scripts/CustomEditors/PlayerControllerEditor.cs using Guid(62a1febce60ef744f9f67f4b20482b26) Importer(815301076,1909f56bfc062723c751e8b465ee728b)  -> (artifact id: '56bdb7cb4f1ee5f60fb91b07ef88460a') in 0.032597 seconds 
  Import took 0.038860 seconds .

========================================================================
Received Prepare
Registering precompiled user dll's ...
Registered in 0.006815 seconds.
Begin MonoManager ReloadAssembly
Native extension for WindowsStandalone target not found
Refreshing native plugins compatible for Editor in 0.95 ms, found 3 plugins.
Preloading 0 native plugins for Editor in 0.00 ms.
Mono: successfully reloaded assembly
- Completed reload, in  1.796 seconds
Platform modules already initialized, skipping
Refreshing native plugins compatible for Editor in 0.84 ms, found 3 plugins.
Preloading 0 native plugins for Editor in 0.00 ms.
Unloading 2397 Unused Serialized files (Serialized files now loaded: 0)
System memory in use before: 105.4 MB.
System memory in use after: 105.4 MB.

Unloading 21 unused Assets to reduce memory usage. Loaded Objects now: 2859.
Total: 3.617200 ms (FindLiveObjects: 0.306600 ms CreateObjectMapping: 0.144900 ms MarkObjects: 2.976400 ms  DeleteObjects: 0.186800 ms)

AssetImportParameters requested are different than current active one (requested -> active):
  custom:framework-win-MediaFoundation: 216162199b28c13a410421893ffa2e32 -> 
  custom:video-decoder-ogg-theora: a1e56fd34408186e4bbccfd4996cb3dc -> 
  custom:container-muxer-webm: aa71ff27fc2769a1b78a27578f13a17b -> 
  custom:container-demuxer-webm: 4f35f7cbe854078d1ac9338744f61a02 -> 
  custom:container-demuxer-ogg: 62fdf1f143b41e24485cea50d1cbac27 -> 
  custom:video-encoder-webm-vp8: eb34c28f22e8b96e1ab97ce403110664 -> 
  custom:video-decoder-webm-vp8: 9c59270c3fd7afecdb556c50c9e8de78 -> 
  custom:audio-decoder-ogg-vorbis: bf7c407c2cedff20999df2af8eb42d56 -> 
  custom:audio-encoder-webm-vorbis: bf7c407c2cedff20999df2af8eb42d56 -> 
========================================================================
Received Import Request.
  Time since last request: 22.526027 seconds.
  path: Assets/Scripts/CustomEditors/PlayerControllerEditor.cs
  artifactKey: Guid(62a1febce60ef744f9f67f4b20482b26) Importer(815301076,1909f56bfc062723c751e8b465ee728b)
Start importing Assets/Scripts/CustomEditors/PlayerControllerEditor.cs using Guid(62a1febce60ef744f9f67f4b20482b26) Importer(815301076,1909f56bfc062723c751e8b465ee728b)  -> (artifact id: 'd9b6dee2a7d61fd1d277443927111278') in 0.016914 seconds 
  Import took 0.023394 seconds .

========================================================================
Received Import Request.
  Time since last request: 0.001545 seconds.
  path: Assets/Scripts/CustomEditors/PlayerControllerEditor.cs
  artifactKey: Guid(62a1febce60ef744f9f67f4b20482b26) Importer(815301076,1909f56bfc062723c751e8b465ee728b)
Start importing Assets/Scripts/CustomEditors/PlayerControllerEditor.cs using Guid(62a1febce60ef744f9f67f4b20482b26) Importer(815301076,1909f56bfc062723c751e8b465ee728b)  -> (artifact id: 'd9b6dee2a7d61fd1d277443927111278') in 0.009595 seconds 
  Import took 0.014766 seconds .

========================================================================
Received Import Request.
  Time since last request: 49.282081 seconds.
  path: Assets/Scripts/CustomEditors/PlayerControllerEditor.cs
  artifactKey: Guid(62a1febce60ef744f9f67f4b20482b26) Importer(815301076,1909f56bfc062723c751e8b465ee728b)
Start importing Assets/Scripts/CustomEditors/PlayerControllerEditor.cs using Guid(62a1febce60ef744f9f67f4b20482b26) Importer(815301076,1909f56bfc062723c751e8b465ee728b)  -> (artifact id: '87ef4c24b622281c36d8a1368b8b070a') in 0.014518 seconds 
  Import took 0.021575 seconds .

========================================================================
Received Import Request.
  Time since last request: 0.028743 seconds.
  path: Assets/Scripts/CustomEditors/PlayerControllerEditor.cs
  artifactKey: Guid(62a1febce60ef744f9f67f4b20482b26) Importer(815301076,1909f56bfc062723c751e8b465ee728b)
Start importing Assets/Scripts/CustomEditors/PlayerControllerEditor.cs using Guid(62a1febce60ef744f9f67f4b20482b26) Importer(815301076,1909f56bfc062723c751e8b465ee728b)  -> (artifact id: '87ef4c24b622281c36d8a1368b8b070a') in 0.059589 seconds 
  Import took 0.067651 seconds .

========================================================================
Received Prepare
Registering precompiled user dll's ...
Registered in 0.007946 seconds.
Begin MonoManager ReloadAssembly
Native extension for WindowsStandalone target not found
Refreshing native plugins compatible for Editor in 0.77 ms, found 3 plugins.
Preloading 0 native plugins for Editor in 0.00 ms.
Mono: successfully reloaded assembly
- Completed reload, in  1.768 seconds
Platform modules already initialized, skipping
Refreshing native plugins compatible for Editor in 0.79 ms, found 3 plugins.
Preloading 0 native plugins for Editor in 0.00 ms.
Unloading 2397 Unused Serialized files (Serialized files now loaded: 0)
System memory in use before: 105.4 MB.
System memory in use after: 105.5 MB.

Unloading 21 unused Assets to reduce memory usage. Loaded Objects now: 2862.
Total: 4.137400 ms (FindLiveObjects: 0.308900 ms CreateObjectMapping: 0.157600 ms MarkObjects: 3.473500 ms  DeleteObjects: 0.195400 ms)

AssetImportParameters requested are different than current active one (requested -> active):
  custom:framework-win-MediaFoundation: 216162199b28c13a410421893ffa2e32 -> 
  custom:video-decoder-ogg-theora: a1e56fd34408186e4bbccfd4996cb3dc -> 
  custom:container-muxer-webm: aa71ff27fc2769a1b78a27578f13a17b -> 
  custom:container-demuxer-webm: 4f35f7cbe854078d1ac9338744f61a02 -> 
  custom:container-demuxer-ogg: 62fdf1f143b41e24485cea50d1cbac27 -> 
  custom:video-encoder-webm-vp8: eb34c28f22e8b96e1ab97ce403110664 -> 
  custom:video-decoder-webm-vp8: 9c59270c3fd7afecdb556c50c9e8de78 -> 
  custom:audio-decoder-ogg-vorbis: bf7c407c2cedff20999df2af8eb42d56 -> 
  custom:audio-encoder-webm-vorbis: bf7c407c2cedff20999df2af8eb42d56 -> 
========================================================================
Received Import Request.
  Time since last request: 14.456205 seconds.
  path: Assets/Scripts/CustomEditors/PlayerControllerEditor.cs
  artifactKey: Guid(62a1febce60ef744f9f67f4b20482b26) Importer(815301076,1909f56bfc062723c751e8b465ee728b)
Start importing Assets/Scripts/CustomEditors/PlayerControllerEditor.cs using Guid(62a1febce60ef744f9f67f4b20482b26) Importer(815301076,1909f56bfc062723c751e8b465ee728b)  -> (artifact id: '0196a284dd73e75f05220724b9695e7f') in 0.020281 seconds 
  Import took 0.026686 seconds .

========================================================================
Received Prepare
Registering precompiled user dll's ...
Registered in 0.013241 seconds.
Begin MonoManager ReloadAssembly
Native extension for WindowsStandalone target not found
Refreshing native plugins compatible for Editor in 0.84 ms, found 3 plugins.
Preloading 0 native plugins for Editor in 0.00 ms.
Mono: successfully reloaded assembly
- Completed reload, in  2.460 seconds
Platform modules already initialized, skipping
Refreshing native plugins compatible for Editor in 0.86 ms, found 3 plugins.
Preloading 0 native plugins for Editor in 0.00 ms.
Unloading 2397 Unused Serialized files (Serialized files now loaded: 0)
System memory in use before: 105.4 MB.
System memory in use after: 105.5 MB.

Unloading 21 unused Assets to reduce memory usage. Loaded Objects now: 2865.
Total: 3.475800 ms (FindLiveObjects: 0.303400 ms CreateObjectMapping: 0.155400 ms MarkObjects: 2.837000 ms  DeleteObjects: 0.177800 ms)

AssetImportParameters requested are different than current active one (requested -> active):
  custom:framework-win-MediaFoundation: 216162199b28c13a410421893ffa2e32 -> 
  custom:video-decoder-ogg-theora: a1e56fd34408186e4bbccfd4996cb3dc -> 
  custom:container-muxer-webm: aa71ff27fc2769a1b78a27578f13a17b -> 
  custom:container-demuxer-webm: 4f35f7cbe854078d1ac9338744f61a02 -> 
  custom:container-demuxer-ogg: 62fdf1f143b41e24485cea50d1cbac27 -> 
  custom:video-encoder-webm-vp8: eb34c28f22e8b96e1ab97ce403110664 -> 
  custom:video-decoder-webm-vp8: 9c59270c3fd7afecdb556c50c9e8de78 -> 
  custom:audio-decoder-ogg-vorbis: bf7c407c2cedff20999df2af8eb42d56 -> 
  custom:audio-encoder-webm-vorbis: bf7c407c2cedff20999df2af8eb42d56 -> 
========================================================================
Received Import Request.
  Time since last request: 27.717465 seconds.
  path: Assets/Scripts/CustomEditors/PlayerControllerEditor.cs
  artifactKey: Guid(62a1febce60ef744f9f67f4b20482b26) Importer(815301076,1909f56bfc062723c751e8b465ee728b)
Start importing Assets/Scripts/CustomEditors/PlayerControllerEditor.cs using Guid(62a1febce60ef744f9f67f4b20482b26) Importer(815301076,1909f56bfc062723c751e8b465ee728b)  -> (artifact id: '98eb4455f48b63954bb6fc57488c8d8b') in 0.025744 seconds 
  Import took 0.035972 seconds .

========================================================================
Received Import Request.
  Time since last request: 0.131461 seconds.
  path: Assets/Scripts/CustomEditors/PlayerControllerEditor.cs
  artifactKey: Guid(62a1febce60ef744f9f67f4b20482b26) Importer(815301076,1909f56bfc062723c751e8b465ee728b)
Start importing Assets/Scripts/CustomEditors/PlayerControllerEditor.cs using Guid(62a1febce60ef744f9f67f4b20482b26) Importer(815301076,1909f56bfc062723c751e8b465ee728b)  -> (artifact id: '98eb4455f48b63954bb6fc57488c8d8b') in 0.055850 seconds 
  Import took 0.071812 seconds .

========================================================================
Received Import Request.
  Time since last request: 8.016243 seconds.
  path: Assets/Scripts/CustomEditors/PlayerControllerEditor.cs
  artifactKey: Guid(62a1febce60ef744f9f67f4b20482b26) Importer(815301076,1909f56bfc062723c751e8b465ee728b)
Start importing Assets/Scripts/CustomEditors/PlayerControllerEditor.cs using Guid(62a1febce60ef744f9f67f4b20482b26) Importer(815301076,1909f56bfc062723c751e8b465ee728b)  -> (artifact id: '1bfa2aa09d9002fe5c038fa7fab5ddb1') in 0.260571 seconds 
  Import took 0.291448 seconds .

========================================================================
Received Import Request.
  Time since last request: 5.247225 seconds.
  path: Assets/Scripts/CustomEditors/PlayerControllerEditor.cs
  artifactKey: Guid(62a1febce60ef744f9f67f4b20482b26) Importer(815301076,1909f56bfc062723c751e8b465ee728b)
Start importing Assets/Scripts/CustomEditors/PlayerControllerEditor.cs using Guid(62a1febce60ef744f9f67f4b20482b26) Importer(815301076,1909f56bfc062723c751e8b465ee728b)  -> (artifact id: 'bdfa869406334ff063d0900d15610d45') in 0.014611 seconds 
  Import took 0.027828 seconds .

========================================================================
Received Import Request.
  Time since last request: 4.722846 seconds.
  path: Assets/Scripts/CustomEditors/PlayerControllerEditor.cs
  artifactKey: Guid(62a1febce60ef744f9f67f4b20482b26) Importer(815301076,1909f56bfc062723c751e8b465ee728b)
Start importing Assets/Scripts/CustomEditors/PlayerControllerEditor.cs using Guid(62a1febce60ef744f9f67f4b20482b26) Importer(815301076,1909f56bfc062723c751e8b465ee728b)  -> (artifact id: 'f8882a0c82940a6bd9d324cb6bc8243b') in 0.207612 seconds 
  Import took 0.225058 seconds .

========================================================================
Received Prepare
Registering precompiled user dll's ...
Registered in 0.009340 seconds.
Begin MonoManager ReloadAssembly
Native extension for WindowsStandalone target not found
Refreshing native plugins compatible for Editor in 0.80 ms, found 3 plugins.
Preloading 0 native plugins for Editor in 0.00 ms.
Mono: successfully reloaded assembly
- Completed reload, in  1.917 seconds
Platform modules already initialized, skipping
Refreshing native plugins compatible for Editor in 0.81 ms, found 3 plugins.
Preloading 0 native plugins for Editor in 0.00 ms.
Unloading 2397 Unused Serialized files (Serialized files now loaded: 0)
System memory in use before: 105.3 MB.
System memory in use after: 105.4 MB.

Unloading 21 unused Assets to reduce memory usage. Loaded Objects now: 2868.
Total: 3.577600 ms (FindLiveObjects: 0.317200 ms CreateObjectMapping: 0.157500 ms MarkObjects: 2.915100 ms  DeleteObjects: 0.185500 ms)

AssetImportParameters requested are different than current active one (requested -> active):
  custom:framework-win-MediaFoundation: 216162199b28c13a410421893ffa2e32 -> 
  custom:video-decoder-ogg-theora: a1e56fd34408186e4bbccfd4996cb3dc -> 
  custom:container-muxer-webm: aa71ff27fc2769a1b78a27578f13a17b -> 
  custom:container-demuxer-webm: 4f35f7cbe854078d1ac9338744f61a02 -> 
  custom:container-demuxer-ogg: 62fdf1f143b41e24485cea50d1cbac27 -> 
  custom:video-encoder-webm-vp8: eb34c28f22e8b96e1ab97ce403110664 -> 
  custom:video-decoder-webm-vp8: 9c59270c3fd7afecdb556c50c9e8de78 -> 
  custom:audio-decoder-ogg-vorbis: bf7c407c2cedff20999df2af8eb42d56 -> 
  custom:audio-encoder-webm-vorbis: bf7c407c2cedff20999df2af8eb42d56 -> 
========================================================================
Received Import Request.
  Time since last request: 32.682013 seconds.
  path: Assets/Scripts/CustomEditors/PlayerControllerEditor.cs
  artifactKey: Guid(62a1febce60ef744f9f67f4b20482b26) Importer(815301076,1909f56bfc062723c751e8b465ee728b)
Start importing Assets/Scripts/CustomEditors/PlayerControllerEditor.cs using Guid(62a1febce60ef744f9f67f4b20482b26) Importer(815301076,1909f56bfc062723c751e8b465ee728b)  -> (artifact id: 'a568204aaef7a5fe69f829bb20ae16e9') in 0.026218 seconds 
  Import took 0.033142 seconds .

========================================================================
Received Import Request.
  Time since last request: 0.186250 seconds.
  path: Assets/Scripts/CustomEditors/PlayerControllerEditor.cs
  artifactKey: Guid(62a1febce60ef744f9f67f4b20482b26) Importer(815301076,1909f56bfc062723c751e8b465ee728b)
Start importing Assets/Scripts/CustomEditors/PlayerControllerEditor.cs using Guid(62a1febce60ef744f9f67f4b20482b26) Importer(815301076,1909f56bfc062723c751e8b465ee728b)  -> (artifact id: 'a568204aaef7a5fe69f829bb20ae16e9') in 0.052798 seconds 
  Import took 0.104222 seconds .

========================================================================
Received Import Request.
  Time since last request: 14.512256 seconds.
  path: Assets/Scripts/CustomEditors/PlayerControllerEditor.cs
  artifactKey: Guid(62a1febce60ef744f9f67f4b20482b26) Importer(815301076,1909f56bfc062723c751e8b465ee728b)
Start importing Assets/Scripts/CustomEditors/PlayerControllerEditor.cs using Guid(62a1febce60ef744f9f67f4b20482b26) Importer(815301076,1909f56bfc062723c751e8b465ee728b)  -> (artifact id: 'bc21456745d97648ec6019fe61b382bc') in 0.015808 seconds 
  Import took 0.022175 seconds .

========================================================================
Received Import Request.
  Time since last request: 0.003209 seconds.
  path: Assets/Scripts/CustomEditors/PlayerControllerEditor.cs
  artifactKey: Guid(62a1febce60ef744f9f67f4b20482b26) Importer(815301076,1909f56bfc062723c751e8b465ee728b)
Start importing Assets/Scripts/CustomEditors/PlayerControllerEditor.cs using Guid(62a1febce60ef744f9f67f4b20482b26) Importer(815301076,1909f56bfc062723c751e8b465ee728b)  -> (artifact id: 'bc21456745d97648ec6019fe61b382bc') in 0.019319 seconds 
  Import took 0.025740 seconds .

========================================================================
Received Prepare
Registering precompiled user dll's ...
Registered in 0.007128 seconds.
Begin MonoManager ReloadAssembly
Native extension for WindowsStandalone target not found
Refreshing native plugins compatible for Editor in 0.79 ms, found 3 plugins.
Preloading 0 native plugins for Editor in 0.00 ms.
Mono: successfully reloaded assembly
- Completed reload, in  1.754 seconds
Platform modules already initialized, skipping
Refreshing native plugins compatible for Editor in 0.92 ms, found 3 plugins.
Preloading 0 native plugins for Editor in 0.00 ms.
Unloading 2397 Unused Serialized files (Serialized files now loaded: 0)
System memory in use before: 105.4 MB.
System memory in use after: 105.5 MB.

Unloading 21 unused Assets to reduce memory usage. Loaded Objects now: 2871.
Total: 3.682800 ms (FindLiveObjects: 0.292400 ms CreateObjectMapping: 0.147600 ms MarkObjects: 3.040300 ms  DeleteObjects: 0.200500 ms)

AssetImportParameters requested are different than current active one (requested -> active):
  custom:framework-win-MediaFoundation: 216162199b28c13a410421893ffa2e32 -> 
  custom:video-decoder-ogg-theora: a1e56fd34408186e4bbccfd4996cb3dc -> 
  custom:container-muxer-webm: aa71ff27fc2769a1b78a27578f13a17b -> 
  custom:container-demuxer-webm: 4f35f7cbe854078d1ac9338744f61a02 -> 
  custom:container-demuxer-ogg: 62fdf1f143b41e24485cea50d1cbac27 -> 
  custom:video-encoder-webm-vp8: eb34c28f22e8b96e1ab97ce403110664 -> 
  custom:video-decoder-webm-vp8: 9c59270c3fd7afecdb556c50c9e8de78 -> 
  custom:audio-decoder-ogg-vorbis: bf7c407c2cedff20999df2af8eb42d56 -> 
  custom:audio-encoder-webm-vorbis: bf7c407c2cedff20999df2af8eb42d56 -> 
========================================================================
Received Import Request.
  Time since last request: 13.410942 seconds.
  path: Assets/Prefabs/Ships/Player.prefab
  artifactKey: Guid(0c069e5664818bf4282c72447d1f2eb0) Importer(815301076,1909f56bfc062723c751e8b465ee728b)
Start importing Assets/Prefabs/Ships/Player.prefab using Guid(0c069e5664818bf4282c72447d1f2eb0) Importer(815301076,1909f56bfc062723c751e8b465ee728b)  -> (artifact id: '28ccf830cc2f44468f572c7f6c492a06') in 0.210242 seconds 
  Import took 0.217852 seconds .

========================================================================
Received Prepare
Registering precompiled user dll's ...
Registered in 0.006824 seconds.
Begin MonoManager ReloadAssembly
Native extension for WindowsStandalone target not found
Refreshing native plugins compatible for Editor in 0.76 ms, found 3 plugins.
Preloading 0 native plugins for Editor in 0.00 ms.
Mono: successfully reloaded assembly
- Completed reload, in  1.704 seconds
Platform modules already initialized, skipping
Refreshing native plugins compatible for Editor in 0.81 ms, found 3 plugins.
Preloading 0 native plugins for Editor in 0.00 ms.
Unloading 2397 Unused Serialized files (Serialized files now loaded: 0)
System memory in use before: 108.4 MB.
System memory in use after: 108.5 MB.

Unloading 21 unused Assets to reduce memory usage. Loaded Objects now: 2881.
Total: 3.481000 ms (FindLiveObjects: 0.392900 ms CreateObjectMapping: 0.154400 ms MarkObjects: 2.746000 ms  DeleteObjects: 0.185500 ms)

AssetImportParameters requested are different than current active one (requested -> active):
  custom:framework-win-MediaFoundation: 216162199b28c13a410421893ffa2e32 -> 
  custom:video-decoder-ogg-theora: a1e56fd34408186e4bbccfd4996cb3dc -> 
  custom:container-muxer-webm: aa71ff27fc2769a1b78a27578f13a17b -> 
  custom:container-demuxer-webm: 4f35f7cbe854078d1ac9338744f61a02 -> 
  custom:container-demuxer-ogg: 62fdf1f143b41e24485cea50d1cbac27 -> 
  custom:video-encoder-webm-vp8: eb34c28f22e8b96e1ab97ce403110664 -> 
  custom:video-decoder-webm-vp8: 9c59270c3fd7afecdb556c50c9e8de78 -> 
  custom:audio-decoder-ogg-vorbis: bf7c407c2cedff20999df2af8eb42d56 -> 
  custom:audio-encoder-webm-vorbis: bf7c407c2cedff20999df2af8eb42d56 -> 
========================================================================
Received Import Request.
  Time since last request: 75.408749 seconds.
  path: Assets/Prefabs/Ships/Player.prefab
  artifactKey: Guid(0c069e5664818bf4282c72447d1f2eb0) Importer(815301076,1909f56bfc062723c751e8b465ee728b)
Start importing Assets/Prefabs/Ships/Player.prefab using Guid(0c069e5664818bf4282c72447d1f2eb0) Importer(815301076,1909f56bfc062723c751e8b465ee728b)  -> (artifact id: '744f849629779e54725deb8b19970880') in 0.219434 seconds 
  Import took 0.271976 seconds .

========================================================================
Received Import Request.
  Time since last request: 0.569287 seconds.
  path: Assets/Prefabs/Ships/Player.prefab
  artifactKey: Guid(0c069e5664818bf4282c72447d1f2eb0) Importer(815301076,1909f56bfc062723c751e8b465ee728b)
Start importing Assets/Prefabs/Ships/Player.prefab using Guid(0c069e5664818bf4282c72447d1f2eb0) Importer(815301076,1909f56bfc062723c751e8b465ee728b)  -> (artifact id: '0d7bf2a4e3cab84295eab2a37ed7acf7') in 0.047030 seconds 
  Import took 0.058062 seconds .

========================================================================
Received Import Request.
  Time since last request: 1.027853 seconds.
  path: Assets/Prefabs/Ships/Player.prefab
  artifactKey: Guid(0c069e5664818bf4282c72447d1f2eb0) Importer(815301076,1909f56bfc062723c751e8b465ee728b)
Start importing Assets/Prefabs/Ships/Player.prefab using Guid(0c069e5664818bf4282c72447d1f2eb0) Importer(815301076,1909f56bfc062723c751e8b465ee728b)  -> (artifact id: '4f24d8f4702ed074bcd66a11a7dc32a7') in 0.034218 seconds 
  Import took 0.041636 seconds .

========================================================================
Received Import Request.
  Time since last request: 5.460287 seconds.
  path: Assets/Prefabs/Ships/Player.prefab
  artifactKey: Guid(0c069e5664818bf4282c72447d1f2eb0) Importer(815301076,1909f56bfc062723c751e8b465ee728b)
Start importing Assets/Prefabs/Ships/Player.prefab using Guid(0c069e5664818bf4282c72447d1f2eb0) Importer(815301076,1909f56bfc062723c751e8b465ee728b)  -> (artifact id: '86366e84c9edc55e4413472244c5902c') in 0.028887 seconds 
  Import took 0.035465 seconds .

========================================================================
Received Prepare
Registering precompiled user dll's ...
Registered in 0.007675 seconds.
Begin MonoManager ReloadAssembly
Native extension for WindowsStandalone target not found
Refreshing native plugins compatible for Editor in 0.82 ms, found 3 plugins.
Preloading 0 native plugins for Editor in 0.00 ms.
Mono: successfully reloaded assembly
- Completed reload, in  1.751 seconds
Platform modules already initialized, skipping
Refreshing native plugins compatible for Editor in 0.93 ms, found 3 plugins.
Preloading 0 native plugins for Editor in 0.00 ms.
Unloading 2397 Unused Serialized files (Serialized files now loaded: 0)
System memory in use before: 108.5 MB.
System memory in use after: 108.6 MB.

Unloading 21 unused Assets to reduce memory usage. Loaded Objects now: 2885.
Total: 3.998200 ms (FindLiveObjects: 0.387400 ms CreateObjectMapping: 0.151300 ms MarkObjects: 3.278600 ms  DeleteObjects: 0.179100 ms)

AssetImportParameters requested are different than current active one (requested -> active):
  custom:framework-win-MediaFoundation: 216162199b28c13a410421893ffa2e32 -> 
  custom:video-decoder-ogg-theora: a1e56fd34408186e4bbccfd4996cb3dc -> 
  custom:container-muxer-webm: aa71ff27fc2769a1b78a27578f13a17b -> 
  custom:container-demuxer-webm: 4f35f7cbe854078d1ac9338744f61a02 -> 
  custom:container-demuxer-ogg: 62fdf1f143b41e24485cea50d1cbac27 -> 
  custom:video-encoder-webm-vp8: eb34c28f22e8b96e1ab97ce403110664 -> 
  custom:video-decoder-webm-vp8: 9c59270c3fd7afecdb556c50c9e8de78 -> 
  custom:audio-decoder-ogg-vorbis: bf7c407c2cedff20999df2af8eb42d56 -> 
  custom:audio-encoder-webm-vorbis: bf7c407c2cedff20999df2af8eb42d56 -> 
========================================================================
Received Import Request.
  Time since last request: 1085.406509 seconds.
  path: Assets/Scripts/Gameplay/PoolVfx.cs
  artifactKey: Guid(b5c35e5f38759fe42b5266e073fb2915) Importer(815301076,1909f56bfc062723c751e8b465ee728b)
Start importing Assets/Scripts/Gameplay/PoolVfx.cs using Guid(b5c35e5f38759fe42b5266e073fb2915) Importer(815301076,1909f56bfc062723c751e8b465ee728b)  -> (artifact id: '80f8150363836937f242e0041e8066f1') in 0.036618 seconds 
  Import took 0.043395 seconds .

========================================================================
Received Prepare
Registering precompiled user dll's ...
Registered in 0.006474 seconds.
Begin MonoManager ReloadAssembly
Native extension for WindowsStandalone target not found
Refreshing native plugins compatible for Editor in 0.86 ms, found 3 plugins.
Preloading 0 native plugins for Editor in 0.00 ms.
Mono: successfully reloaded assembly
- Completed reload, in  1.874 seconds
Platform modules already initialized, skipping
Refreshing native plugins compatible for Editor in 0.83 ms, found 3 plugins.
Preloading 0 native plugins for Editor in 0.00 ms.
Unloading 2398 Unused Serialized files (Serialized files now loaded: 0)
System memory in use before: 109.0 MB.
System memory in use after: 109.1 MB.

Unloading 21 unused Assets to reduce memory usage. Loaded Objects now: 2889.
Total: 3.779000 ms (FindLiveObjects: 0.321100 ms CreateObjectMapping: 0.151000 ms MarkObjects: 3.098500 ms  DeleteObjects: 0.206200 ms)

AssetImportParameters requested are different than current active one (requested -> active):
  custom:framework-win-MediaFoundation: 216162199b28c13a410421893ffa2e32 -> 
  custom:video-decoder-ogg-theora: a1e56fd34408186e4bbccfd4996cb3dc -> 
  custom:container-muxer-webm: aa71ff27fc2769a1b78a27578f13a17b -> 
  custom:container-demuxer-webm: 4f35f7cbe854078d1ac9338744f61a02 -> 
  custom:container-demuxer-ogg: 62fdf1f143b41e24485cea50d1cbac27 -> 
  custom:video-encoder-webm-vp8: eb34c28f22e8b96e1ab97ce403110664 -> 
  custom:video-decoder-webm-vp8: 9c59270c3fd7afecdb556c50c9e8de78 -> 
  custom:audio-decoder-ogg-vorbis: bf7c407c2cedff20999df2af8eb42d56 -> 
  custom:audio-encoder-webm-vorbis: bf7c407c2cedff20999df2af8eb42d56 -> 
========================================================================
Received Import Request.
  Time since last request: 11.180502 seconds.
  path: Assets/Scripts/Gameplay/PoolVfx.cs
  artifactKey: Guid(b5c35e5f38759fe42b5266e073fb2915) Importer(815301076,1909f56bfc062723c751e8b465ee728b)
Start importing Assets/Scripts/Gameplay/PoolVfx.cs using Guid(b5c35e5f38759fe42b5266e073fb2915) Importer(815301076,1909f56bfc062723c751e8b465ee728b)  -> (artifact id: 'f4a9c620a8ee82b4fddeb34a8c7e266a') in 0.008710 seconds 
  Import took 0.014172 seconds .

========================================================================
Received Import Request.
  Time since last request: 8.593868 seconds.
  path: Assets/Scripts/Gameplay/PoolVfx.cs
  artifactKey: Guid(b5c35e5f38759fe42b5266e073fb2915) Importer(815301076,1909f56bfc062723c751e8b465ee728b)
Start importing Assets/Scripts/Gameplay/PoolVfx.cs using Guid(b5c35e5f38759fe42b5266e073fb2915) Importer(815301076,1909f56bfc062723c751e8b465ee728b)  -> (artifact id: '2c8eaebdb11d2263fbd3585a8d534d01') in 0.012552 seconds 
  Import took 0.019282 seconds .

========================================================================
Received Import Request.
  Time since last request: 6.630800 seconds.
  path: Assets/Scripts/Gameplay/PoolVfx.cs
  artifactKey: Guid(b5c35e5f38759fe42b5266e073fb2915) Importer(815301076,1909f56bfc062723c751e8b465ee728b)
Start importing Assets/Scripts/Gameplay/PoolVfx.cs using Guid(b5c35e5f38759fe42b5266e073fb2915) Importer(815301076,1909f56bfc062723c751e8b465ee728b)  -> (artifact id: '00196e710f261d094c940a85ec0777bb') in 0.014479 seconds 
  Import took 0.021756 seconds .

========================================================================
Received Import Request.
  Time since last request: 2.406268 seconds.
  path: Assets/Scripts/Gameplay/PoolVfx.cs
  artifactKey: Guid(b5c35e5f38759fe42b5266e073fb2915) Importer(815301076,1909f56bfc062723c751e8b465ee728b)
Start importing Assets/Scripts/Gameplay/PoolVfx.cs using Guid(b5c35e5f38759fe42b5266e073fb2915) Importer(815301076,1909f56bfc062723c751e8b465ee728b)  -> (artifact id: 'e1e940ab2c3530e049f57e435a914d06') in 0.014776 seconds 
  Import took 0.026687 seconds .

========================================================================
Received Import Request.
  Time since last request: 0.031043 seconds.
  path: Assets/Scripts/Gameplay/PoolVfx.cs
  artifactKey: Guid(b5c35e5f38759fe42b5266e073fb2915) Importer(815301076,1909f56bfc062723c751e8b465ee728b)
Start importing Assets/Scripts/Gameplay/PoolVfx.cs using Guid(b5c35e5f38759fe42b5266e073fb2915) Importer(815301076,1909f56bfc062723c751e8b465ee728b)  -> (artifact id: 'e1e940ab2c3530e049f57e435a914d06') in 0.017128 seconds 
  Import took 0.028081 seconds .

========================================================================
Received Import Request.
  Time since last request: 4.392457 seconds.
  path: Assets/Scripts/Gameplay/PoolVfx.cs
  artifactKey: Guid(b5c35e5f38759fe42b5266e073fb2915) Importer(815301076,1909f56bfc062723c751e8b465ee728b)
Start importing Assets/Scripts/Gameplay/PoolVfx.cs using Guid(b5c35e5f38759fe42b5266e073fb2915) Importer(815301076,1909f56bfc062723c751e8b465ee728b)  -> (artifact id: 'adb0bd1945381c5eff51f1aea586b242') in 0.013262 seconds 
  Import took 0.018971 seconds .

========================================================================
Received Import Request.
  Time since last request: 0.043658 seconds.
  path: Assets/Scripts/Gameplay/PoolVfx.cs
  artifactKey: Guid(b5c35e5f38759fe42b5266e073fb2915) Importer(815301076,1909f56bfc062723c751e8b465ee728b)
Start importing Assets/Scripts/Gameplay/PoolVfx.cs using Guid(b5c35e5f38759fe42b5266e073fb2915) Importer(815301076,1909f56bfc062723c751e8b465ee728b)  -> (artifact id: 'adb0bd1945381c5eff51f1aea586b242') in 0.017781 seconds 
  Import took 0.036134 seconds .

========================================================================
Received Import Request.
  Time since last request: 7.269972 seconds.
  path: Assets/Scripts/Gameplay/PoolVfx.cs
  artifactKey: Guid(b5c35e5f38759fe42b5266e073fb2915) Importer(815301076,1909f56bfc062723c751e8b465ee728b)
Start importing Assets/Scripts/Gameplay/PoolVfx.cs using Guid(b5c35e5f38759fe42b5266e073fb2915) Importer(815301076,1909f56bfc062723c751e8b465ee728b)  -> (artifact id: '98cc501e2d6c45f7d512b61388910c46') in 0.019443 seconds 
  Import took 0.025818 seconds .

========================================================================
Received Import Request.
  Time since last request: 6.307699 seconds.
  path: Assets/Scripts/Gameplay/PoolVfx.cs
  artifactKey: Guid(b5c35e5f38759fe42b5266e073fb2915) Importer(815301076,1909f56bfc062723c751e8b465ee728b)
Start importing Assets/Scripts/Gameplay/PoolVfx.cs using Guid(b5c35e5f38759fe42b5266e073fb2915) Importer(815301076,1909f56bfc062723c751e8b465ee728b)  -> (artifact id: 'f4e9345f982ee64b84ade44a123cb5de') in 0.015112 seconds 
  Import took 0.020872 seconds .

========================================================================
Received Import Request.
  Time since last request: 16.036807 seconds.
  path: Assets/Scripts/Gameplay/PoolVfx.cs
  artifactKey: Guid(b5c35e5f38759fe42b5266e073fb2915) Importer(815301076,1909f56bfc062723c751e8b465ee728b)
Start importing Assets/Scripts/Gameplay/PoolVfx.cs using Guid(b5c35e5f38759fe42b5266e073fb2915) Importer(815301076,1909f56bfc062723c751e8b465ee728b)  -> (artifact id: '824f800784d583a8cddce7d45408a40e') in 0.014803 seconds 
  Import took 0.020316 seconds .

========================================================================
Received Import Request.
  Time since last request: 0.142857 seconds.
  path: Assets/Scripts/Gameplay/PoolVfx.cs
  artifactKey: Guid(b5c35e5f38759fe42b5266e073fb2915) Importer(815301076,1909f56bfc062723c751e8b465ee728b)
Start importing Assets/Scripts/Gameplay/PoolVfx.cs using Guid(b5c35e5f38759fe42b5266e073fb2915) Importer(815301076,1909f56bfc062723c751e8b465ee728b)  -> (artifact id: '824f800784d583a8cddce7d45408a40e') in 0.015552 seconds 
  Import took 0.021755 seconds .

========================================================================
Received Prepare
Registering precompiled user dll's ...
Registered in 0.007281 seconds.
Begin MonoManager ReloadAssembly
Native extension for WindowsStandalone target not found
Refreshing native plugins compatible for Editor in 0.80 ms, found 3 plugins.
Preloading 0 native plugins for Editor in 0.00 ms.
Mono: successfully reloaded assembly
- Completed reload, in  1.652 seconds
Platform modules already initialized, skipping
Refreshing native plugins compatible for Editor in 0.79 ms, found 3 plugins.
Preloading 0 native plugins for Editor in 0.00 ms.
Unloading 2398 Unused Serialized files (Serialized files now loaded: 0)
System memory in use before: 109.0 MB.
System memory in use after: 109.0 MB.

Unloading 21 unused Assets to reduce memory usage. Loaded Objects now: 2892.
Total: 3.415200 ms (FindLiveObjects: 0.297400 ms CreateObjectMapping: 0.148300 ms MarkObjects: 2.786500 ms  DeleteObjects: 0.180900 ms)

AssetImportParameters requested are different than current active one (requested -> active):
  custom:framework-win-MediaFoundation: 216162199b28c13a410421893ffa2e32 -> 
  custom:video-decoder-ogg-theora: a1e56fd34408186e4bbccfd4996cb3dc -> 
  custom:container-muxer-webm: aa71ff27fc2769a1b78a27578f13a17b -> 
  custom:container-demuxer-webm: 4f35f7cbe854078d1ac9338744f61a02 -> 
  custom:container-demuxer-ogg: 62fdf1f143b41e24485cea50d1cbac27 -> 
  custom:video-encoder-webm-vp8: eb34c28f22e8b96e1ab97ce403110664 -> 
  custom:video-decoder-webm-vp8: 9c59270c3fd7afecdb556c50c9e8de78 -> 
  custom:audio-decoder-ogg-vorbis: bf7c407c2cedff20999df2af8eb42d56 -> 
  custom:audio-encoder-webm-vorbis: bf7c407c2cedff20999df2af8eb42d56 -> 
========================================================================
Received Prepare
Registering precompiled user dll's ...
Registered in 0.007136 seconds.
Begin MonoManager ReloadAssembly
Native extension for WindowsStandalone target not found
Refreshing native plugins compatible for Editor in 0.77 ms, found 3 plugins.
Preloading 0 native plugins for Editor in 0.00 ms.
Mono: successfully reloaded assembly
- Completed reload, in  1.743 seconds
Platform modules already initialized, skipping
Refreshing native plugins compatible for Editor in 0.82 ms, found 3 plugins.
Preloading 0 native plugins for Editor in 0.00 ms.
Unloading 2398 Unused Serialized files (Serialized files now loaded: 0)
System memory in use before: 109.1 MB.
System memory in use after: 109.1 MB.

Unloading 21 unused Assets to reduce memory usage. Loaded Objects now: 2895.
Total: 3.835200 ms (FindLiveObjects: 0.306500 ms CreateObjectMapping: 0.155600 ms MarkObjects: 3.192900 ms  DeleteObjects: 0.177500 ms)

AssetImportParameters requested are different than current active one (requested -> active):
  custom:framework-win-MediaFoundation: 216162199b28c13a410421893ffa2e32 -> 
  custom:video-decoder-ogg-theora: a1e56fd34408186e4bbccfd4996cb3dc -> 
  custom:container-muxer-webm: aa71ff27fc2769a1b78a27578f13a17b -> 
  custom:container-demuxer-webm: 4f35f7cbe854078d1ac9338744f61a02 -> 
  custom:container-demuxer-ogg: 62fdf1f143b41e24485cea50d1cbac27 -> 
  custom:video-encoder-webm-vp8: eb34c28f22e8b96e1ab97ce403110664 -> 
  custom:video-decoder-webm-vp8: 9c59270c3fd7afecdb556c50c9e8de78 -> 
  custom:audio-decoder-ogg-vorbis: bf7c407c2cedff20999df2af8eb42d56 -> 
  custom:audio-encoder-webm-vorbis: bf7c407c2cedff20999df2af8eb42d56 -> 
========================================================================
Received Import Request.
  Time since last request: 66.347487 seconds.
  path: Assets/VisualEffects/CannonBallExplosionFx.prefab
  artifactKey: Guid(acd2f40c2db95ff4a86b365074f947d7) Importer(815301076,1909f56bfc062723c751e8b465ee728b)
Start importing Assets/VisualEffects/CannonBallExplosionFx.prefab using Guid(acd2f40c2db95ff4a86b365074f947d7) Importer(815301076,1909f56bfc062723c751e8b465ee728b)  -> (artifact id: '8b5b649a18e58df2f3e296265c77e17a') in 0.064718 seconds 
  Import took 0.073262 seconds .

========================================================================
Received Import Request.
  Time since last request: 6.634574 seconds.
  path: Assets/VisualEffects/CannonBallExplosionFx.prefab
  artifactKey: Guid(acd2f40c2db95ff4a86b365074f947d7) Importer(815301076,1909f56bfc062723c751e8b465ee728b)
Start importing Assets/VisualEffects/CannonBallExplosionFx.prefab using Guid(acd2f40c2db95ff4a86b365074f947d7) Importer(815301076,1909f56bfc062723c751e8b465ee728b)  -> (artifact id: 'ef7ed9c1427abe7f5e4663e4cf051bfa') in 0.015033 seconds 
  Import took 0.021197 seconds .

========================================================================
Received Import Request.
  Time since last request: 4092.526399 seconds.
  path: Assets/Prefabs/Projectiles/cannonBall_Projectile.prefab
  artifactKey: Guid(1af92ac7806f55c459ca7e6565d39217) Importer(815301076,1909f56bfc062723c751e8b465ee728b)
Start importing Assets/Prefabs/Projectiles/cannonBall_Projectile.prefab using Guid(1af92ac7806f55c459ca7e6565d39217) Importer(815301076,1909f56bfc062723c751e8b465ee728b)  -> (artifact id: 'd9e1be2662d229cb2fd0499188951c01') in 0.076277 seconds 
  Import took 0.082562 seconds .

========================================================================
Received Import Request.
  Time since last request: 7.082763 seconds.
  path: Assets/Prefabs/Projectiles/cannonBall_Projectile.prefab
  artifactKey: Guid(1af92ac7806f55c459ca7e6565d39217) Importer(815301076,1909f56bfc062723c751e8b465ee728b)
Start importing Assets/Prefabs/Projectiles/cannonBall_Projectile.prefab using Guid(1af92ac7806f55c459ca7e6565d39217) Importer(815301076,1909f56bfc062723c751e8b465ee728b)  -> (artifact id: 'd10992e8a3828b77956e410e7c5817e3') in 0.022222 seconds 
  Import took 0.029447 seconds .

========================================================================
Received Import Request.
  Time since last request: 4.775190 seconds.
  path: Assets/Prefabs/Projectiles/cannonBall_Projectile.prefab
  artifactKey: Guid(1af92ac7806f55c459ca7e6565d39217) Importer(815301076,1909f56bfc062723c751e8b465ee728b)
Start importing Assets/Prefabs/Projectiles/cannonBall_Projectile.prefab using Guid(1af92ac7806f55c459ca7e6565d39217) Importer(815301076,1909f56bfc062723c751e8b465ee728b)  -> (artifact id: 'aeda1eb421257688a2fa29f747fc9526') in 0.021662 seconds 
  Import took 0.033644 seconds .

========================================================================
Received Prepare
Registering precompiled user dll's ...
Registered in 0.006777 seconds.
Begin MonoManager ReloadAssembly
Native extension for WindowsStandalone target not found
Refreshing native plugins compatible for Editor in 0.81 ms, found 3 plugins.
Preloading 0 native plugins for Editor in 0.00 ms.
Mono: successfully reloaded assembly
- Completed reload, in  1.764 seconds
Platform modules already initialized, skipping
Refreshing native plugins compatible for Editor in 0.93 ms, found 3 plugins.
Preloading 0 native plugins for Editor in 0.00 ms.
Unloading 2398 Unused Serialized files (Serialized files now loaded: 0)
System memory in use before: 109.1 MB.
System memory in use after: 109.2 MB.

Unloading 21 unused Assets to reduce memory usage. Loaded Objects now: 2899.
Total: 3.508700 ms (FindLiveObjects: 0.295300 ms CreateObjectMapping: 0.144600 ms MarkObjects: 2.888200 ms  DeleteObjects: 0.178600 ms)

AssetImportParameters requested are different than current active one (requested -> active):
  custom:framework-win-MediaFoundation: 216162199b28c13a410421893ffa2e32 -> 
  custom:video-decoder-ogg-theora: a1e56fd34408186e4bbccfd4996cb3dc -> 
  custom:container-muxer-webm: aa71ff27fc2769a1b78a27578f13a17b -> 
  custom:container-demuxer-webm: 4f35f7cbe854078d1ac9338744f61a02 -> 
  custom:container-demuxer-ogg: 62fdf1f143b41e24485cea50d1cbac27 -> 
  custom:video-encoder-webm-vp8: eb34c28f22e8b96e1ab97ce403110664 -> 
  custom:video-decoder-webm-vp8: 9c59270c3fd7afecdb556c50c9e8de78 -> 
  custom:audio-decoder-ogg-vorbis: bf7c407c2cedff20999df2af8eb42d56 -> 
  custom:audio-encoder-webm-vorbis: bf7c407c2cedff20999df2af8eb42d56 -> 
========================================================================
Received Import Request.
  Time since last request: 32.318746 seconds.
  path: Assets/Prefabs/Projectiles/cannonBall_Projectile.prefab
  artifactKey: Guid(1af92ac7806f55c459ca7e6565d39217) Importer(815301076,1909f56bfc062723c751e8b465ee728b)
Start importing Assets/Prefabs/Projectiles/cannonBall_Projectile.prefab using Guid(1af92ac7806f55c459ca7e6565d39217) Importer(815301076,1909f56bfc062723c751e8b465ee728b)  -> (artifact id: '89dffb2b2ca5f0974025e3336a7ca8af') in 0.081695 seconds 
  Import took 0.086915 seconds .

========================================================================
Received Import Request.
  Time since last request: 2.045552 seconds.
  path: Assets/Prefabs/Projectiles/cannonBall_Projectile.prefab
  artifactKey: Guid(1af92ac7806f55c459ca7e6565d39217) Importer(815301076,1909f56bfc062723c751e8b465ee728b)
Start importing Assets/Prefabs/Projectiles/cannonBall_Projectile.prefab using Guid(1af92ac7806f55c459ca7e6565d39217) Importer(815301076,1909f56bfc062723c751e8b465ee728b)  -> (artifact id: 'f62e8aa29dedc4fc08dad2a97e39ff05') in 0.021419 seconds 
  Import took 0.028989 seconds .

========================================================================
Received Import Request.
  Time since last request: 14.658903 seconds.
  path: Assets/VisualEffects/CannonBallExplosionFx.prefab
  artifactKey: Guid(acd2f40c2db95ff4a86b365074f947d7) Importer(815301076,1909f56bfc062723c751e8b465ee728b)
Start importing Assets/VisualEffects/CannonBallExplosionFx.prefab using Guid(acd2f40c2db95ff4a86b365074f947d7) Importer(815301076,1909f56bfc062723c751e8b465ee728b)  -> (artifact id: '1effdeb21051838942a860056cf4ffc5') in 0.012725 seconds 
  Import took 0.018243 seconds .

========================================================================
Received Prepare
Registering precompiled user dll's ...
Registered in 0.007943 seconds.
Begin MonoManager ReloadAssembly
Native extension for WindowsStandalone target not found
Refreshing native plugins compatible for Editor in 0.77 ms, found 3 plugins.
Preloading 0 native plugins for Editor in 0.00 ms.
Mono: successfully reloaded assembly
- Completed reload, in  1.778 seconds
Platform modules already initialized, skipping
Refreshing native plugins compatible for Editor in 0.80 ms, found 3 plugins.
Preloading 0 native plugins for Editor in 0.00 ms.
Unloading 2398 Unused Serialized files (Serialized files now loaded: 0)
System memory in use before: 109.1 MB.
System memory in use after: 109.2 MB.

Unloading 21 unused Assets to reduce memory usage. Loaded Objects now: 2903.
Total: 3.615300 ms (FindLiveObjects: 0.315600 ms CreateObjectMapping: 0.155100 ms MarkObjects: 2.974000 ms  DeleteObjects: 0.168500 ms)

AssetImportParameters requested are different than current active one (requested -> active):
  custom:framework-win-MediaFoundation: 216162199b28c13a410421893ffa2e32 -> 
  custom:video-decoder-ogg-theora: a1e56fd34408186e4bbccfd4996cb3dc -> 
  custom:container-muxer-webm: aa71ff27fc2769a1b78a27578f13a17b -> 
  custom:container-demuxer-webm: 4f35f7cbe854078d1ac9338744f61a02 -> 
  custom:container-demuxer-ogg: 62fdf1f143b41e24485cea50d1cbac27 -> 
  custom:video-encoder-webm-vp8: eb34c28f22e8b96e1ab97ce403110664 -> 
  custom:video-decoder-webm-vp8: 9c59270c3fd7afecdb556c50c9e8de78 -> 
  custom:audio-decoder-ogg-vorbis: bf7c407c2cedff20999df2af8eb42d56 -> 
  custom:audio-encoder-webm-vorbis: bf7c407c2cedff20999df2af8eb42d56 -> 
========================================================================
Received Import Request.
  Time since last request: 53.806074 seconds.
  path: Assets/VisualEffects/CannonBallExplosionFx.prefab
  artifactKey: Guid(acd2f40c2db95ff4a86b365074f947d7) Importer(815301076,1909f56bfc062723c751e8b465ee728b)
Start importing Assets/VisualEffects/CannonBallExplosionFx.prefab using Guid(acd2f40c2db95ff4a86b365074f947d7) Importer(815301076,1909f56bfc062723c751e8b465ee728b)  -> (artifact id: '86cbb307fbf53a1af46f4a89127c4e4f') in 0.057591 seconds 
  Import took 0.065332 seconds .

========================================================================
Received Prepare
Registering precompiled user dll's ...
Registered in 0.007896 seconds.
Begin MonoManager ReloadAssembly
Native extension for WindowsStandalone target not found
Refreshing native plugins compatible for Editor in 0.78 ms, found 3 plugins.
Preloading 0 native plugins for Editor in 0.00 ms.
Mono: successfully reloaded assembly
- Completed reload, in  1.828 seconds
Platform modules already initialized, skipping
Refreshing native plugins compatible for Editor in 0.79 ms, found 3 plugins.
Preloading 0 native plugins for Editor in 0.00 ms.
Unloading 2398 Unused Serialized files (Serialized files now loaded: 0)
System memory in use before: 109.1 MB.
System memory in use after: 109.2 MB.

Unloading 21 unused Assets to reduce memory usage. Loaded Objects now: 2906.
Total: 3.711500 ms (FindLiveObjects: 0.339900 ms CreateObjectMapping: 0.155100 ms MarkObjects: 3.039900 ms  DeleteObjects: 0.174600 ms)

AssetImportParameters requested are different than current active one (requested -> active):
  custom:framework-win-MediaFoundation: 216162199b28c13a410421893ffa2e32 -> 
  custom:video-decoder-ogg-theora: a1e56fd34408186e4bbccfd4996cb3dc -> 
  custom:container-muxer-webm: aa71ff27fc2769a1b78a27578f13a17b -> 
  custom:container-demuxer-webm: 4f35f7cbe854078d1ac9338744f61a02 -> 
  custom:container-demuxer-ogg: 62fdf1f143b41e24485cea50d1cbac27 -> 
  custom:video-encoder-webm-vp8: eb34c28f22e8b96e1ab97ce403110664 -> 
  custom:video-decoder-webm-vp8: 9c59270c3fd7afecdb556c50c9e8de78 -> 
  custom:audio-decoder-ogg-vorbis: bf7c407c2cedff20999df2af8eb42d56 -> 
  custom:audio-encoder-webm-vorbis: bf7c407c2cedff20999df2af8eb42d56 -> 
========================================================================
Received Prepare
Registering precompiled user dll's ...
Registered in 0.007119 seconds.
Begin MonoManager ReloadAssembly
Native extension for WindowsStandalone target not found
Refreshing native plugins compatible for Editor in 0.76 ms, found 3 plugins.
Preloading 0 native plugins for Editor in 0.00 ms.
Mono: successfully reloaded assembly
- Completed reload, in  1.690 seconds
Platform modules already initialized, skipping
Refreshing native plugins compatible for Editor in 0.85 ms, found 3 plugins.
Preloading 0 native plugins for Editor in 0.00 ms.
Unloading 2398 Unused Serialized files (Serialized files now loaded: 0)
System memory in use before: 109.0 MB.
System memory in use after: 109.1 MB.

Unloading 21 unused Assets to reduce memory usage. Loaded Objects now: 2909.
Total: 4.125300 ms (FindLiveObjects: 0.575400 ms CreateObjectMapping: 0.382800 ms MarkObjects: 2.987200 ms  DeleteObjects: 0.177600 ms)

AssetImportParameters requested are different than current active one (requested -> active):
  custom:framework-win-MediaFoundation: 216162199b28c13a410421893ffa2e32 -> 
  custom:video-decoder-ogg-theora: a1e56fd34408186e4bbccfd4996cb3dc -> 
  custom:container-muxer-webm: aa71ff27fc2769a1b78a27578f13a17b -> 
  custom:container-demuxer-webm: 4f35f7cbe854078d1ac9338744f61a02 -> 
  custom:container-demuxer-ogg: 62fdf1f143b41e24485cea50d1cbac27 -> 
  custom:video-encoder-webm-vp8: eb34c28f22e8b96e1ab97ce403110664 -> 
  custom:video-decoder-webm-vp8: 9c59270c3fd7afecdb556c50c9e8de78 -> 
  custom:audio-decoder-ogg-vorbis: bf7c407c2cedff20999df2af8eb42d56 -> 
  custom:audio-encoder-webm-vorbis: bf7c407c2cedff20999df2af8eb42d56 -> 
========================================================================
Received Import Request.
  Time since last request: 317.152945 seconds.
  path: Assets/Scripts/Combat/HealthBar.cs
  artifactKey: Guid(8d03d0c18f3d2bd4782547872ff6df9d) Importer(815301076,1909f56bfc062723c751e8b465ee728b)
Start importing Assets/Scripts/Combat/HealthBar.cs using Guid(8d03d0c18f3d2bd4782547872ff6df9d) Importer(815301076,1909f56bfc062723c751e8b465ee728b)  -> (artifact id: 'aa8a8b98d95693cf2d37c887868d2ea5') in 0.026645 seconds 
  Import took 0.032453 seconds .

========================================================================
Received Import Request.
  Time since last request: 0.732275 seconds.
  path: Assets/Scripts/Combat/ShipHealth.cs
  artifactKey: Guid(e1f5eca9028c9944abc718419d403095) Importer(815301076,1909f56bfc062723c751e8b465ee728b)
Start importing Assets/Scripts/Combat/ShipHealth.cs using Guid(e1f5eca9028c9944abc718419d403095) Importer(815301076,1909f56bfc062723c751e8b465ee728b)  -> (artifact id: '96ae1dc463d53f46484e55567e938752') in 0.010411 seconds 
  Import took 0.015845 seconds .

========================================================================
Received Import Request.
  Time since last request: 0.034108 seconds.
  path: Assets/Scripts/Combat/ShipHealth.cs
  artifactKey: Guid(e1f5eca9028c9944abc718419d403095) Importer(815301076,1909f56bfc062723c751e8b465ee728b)
Start importing Assets/Scripts/Combat/ShipHealth.cs using Guid(e1f5eca9028c9944abc718419d403095) Importer(815301076,1909f56bfc062723c751e8b465ee728b)  -> (artifact id: '96ae1dc463d53f46484e55567e938752') in 0.007887 seconds 
  Import took 0.013315 seconds .

========================================================================
Received Import Request.
  Time since last request: 56.930362 seconds.
  path: Assets/Scripts/Combat/ShipHealth.cs
  artifactKey: Guid(e1f5eca9028c9944abc718419d403095) Importer(815301076,1909f56bfc062723c751e8b465ee728b)
Start importing Assets/Scripts/Combat/ShipHealth.cs using Guid(e1f5eca9028c9944abc718419d403095) Importer(815301076,1909f56bfc062723c751e8b465ee728b)  -> (artifact id: '41ecba228957ce203e068c4f194dd7ff') in 0.010246 seconds 
  Import took 0.015812 seconds .

========================================================================
Received Import Request.
  Time since last request: 0.283071 seconds.
  path: Assets/Scripts/Combat/ShipHealth.cs
  artifactKey: Guid(e1f5eca9028c9944abc718419d403095) Importer(815301076,1909f56bfc062723c751e8b465ee728b)
Start importing Assets/Scripts/Combat/ShipHealth.cs using Guid(e1f5eca9028c9944abc718419d403095) Importer(815301076,1909f56bfc062723c751e8b465ee728b)  -> (artifact id: '41ecba228957ce203e068c4f194dd7ff') in 0.012153 seconds 
  Import took 0.018566 seconds .

========================================================================
Received Prepare
Registering precompiled user dll's ...
Registered in 0.006873 seconds.
Begin MonoManager ReloadAssembly
Native extension for WindowsStandalone target not found
Refreshing native plugins compatible for Editor in 0.99 ms, found 3 plugins.
Preloading 0 native plugins for Editor in 0.00 ms.
Mono: successfully reloaded assembly
- Completed reload, in  1.728 seconds
Platform modules already initialized, skipping
Refreshing native plugins compatible for Editor in 0.85 ms, found 3 plugins.
Preloading 0 native plugins for Editor in 0.00 ms.
Unloading 2398 Unused Serialized files (Serialized files now loaded: 0)
System memory in use before: 109.1 MB.
System memory in use after: 109.2 MB.

Unloading 21 unused Assets to reduce memory usage. Loaded Objects now: 2912.
Total: 3.502100 ms (FindLiveObjects: 0.304900 ms CreateObjectMapping: 0.148800 ms MarkObjects: 2.865000 ms  DeleteObjects: 0.180900 ms)

AssetImportParameters requested are different than current active one (requested -> active):
  custom:framework-win-MediaFoundation: 216162199b28c13a410421893ffa2e32 -> 
  custom:video-decoder-ogg-theora: a1e56fd34408186e4bbccfd4996cb3dc -> 
  custom:container-muxer-webm: aa71ff27fc2769a1b78a27578f13a17b -> 
  custom:container-demuxer-webm: 4f35f7cbe854078d1ac9338744f61a02 -> 
  custom:container-demuxer-ogg: 62fdf1f143b41e24485cea50d1cbac27 -> 
  custom:video-encoder-webm-vp8: eb34c28f22e8b96e1ab97ce403110664 -> 
  custom:video-decoder-webm-vp8: 9c59270c3fd7afecdb556c50c9e8de78 -> 
  custom:audio-decoder-ogg-vorbis: bf7c407c2cedff20999df2af8eb42d56 -> 
  custom:audio-encoder-webm-vorbis: bf7c407c2cedff20999df2af8eb42d56 -> 
========================================================================
Received Prepare
Registering precompiled user dll's ...
Registered in 0.007568 seconds.
Begin MonoManager ReloadAssembly
Native extension for WindowsStandalone target not found
Refreshing native plugins compatible for Editor in 0.89 ms, found 3 plugins.
Preloading 0 native plugins for Editor in 0.00 ms.
Mono: successfully reloaded assembly
- Completed reload, in  1.693 seconds
Platform modules already initialized, skipping
Refreshing native plugins compatible for Editor in 0.79 ms, found 3 plugins.
Preloading 0 native plugins for Editor in 0.00 ms.
Unloading 2398 Unused Serialized files (Serialized files now loaded: 0)
System memory in use before: 109.1 MB.
System memory in use after: 109.2 MB.

Unloading 21 unused Assets to reduce memory usage. Loaded Objects now: 2915.
Total: 3.509100 ms (FindLiveObjects: 0.346500 ms CreateObjectMapping: 0.146000 ms MarkObjects: 2.826900 ms  DeleteObjects: 0.187200 ms)

AssetImportParameters requested are different than current active one (requested -> active):
  custom:framework-win-MediaFoundation: 216162199b28c13a410421893ffa2e32 -> 
  custom:video-decoder-ogg-theora: a1e56fd34408186e4bbccfd4996cb3dc -> 
  custom:container-muxer-webm: aa71ff27fc2769a1b78a27578f13a17b -> 
  custom:container-demuxer-webm: 4f35f7cbe854078d1ac9338744f61a02 -> 
  custom:container-demuxer-ogg: 62fdf1f143b41e24485cea50d1cbac27 -> 
  custom:video-encoder-webm-vp8: eb34c28f22e8b96e1ab97ce403110664 -> 
  custom:video-decoder-webm-vp8: 9c59270c3fd7afecdb556c50c9e8de78 -> 
  custom:audio-decoder-ogg-vorbis: bf7c407c2cedff20999df2af8eb42d56 -> 
  custom:audio-encoder-webm-vorbis: bf7c407c2cedff20999df2af8eb42d56 -> 
========================================================================
Received Prepare
Registering precompiled user dll's ...
Registered in 0.010866 seconds.
Begin MonoManager ReloadAssembly
Native extension for WindowsStandalone target not found
Refreshing native plugins compatible for Editor in 0.97 ms, found 3 plugins.
Preloading 0 native plugins for Editor in 0.00 ms.
Mono: successfully reloaded assembly
- Completed reload, in  1.603 seconds
Platform modules already initialized, skipping
Refreshing native plugins compatible for Editor in 0.79 ms, found 3 plugins.
Preloading 0 native plugins for Editor in 0.00 ms.
Unloading 2398 Unused Serialized files (Serialized files now loaded: 0)
System memory in use before: 109.1 MB.
System memory in use after: 109.2 MB.

Unloading 21 unused Assets to reduce memory usage. Loaded Objects now: 2918.
Total: 3.661400 ms (FindLiveObjects: 0.303300 ms CreateObjectMapping: 0.151100 ms MarkObjects: 3.011100 ms  DeleteObjects: 0.193500 ms)

AssetImportParameters requested are different than current active one (requested -> active):
  custom:framework-win-MediaFoundation: 216162199b28c13a410421893ffa2e32 -> 
  custom:video-decoder-ogg-theora: a1e56fd34408186e4bbccfd4996cb3dc -> 
  custom:container-muxer-webm: aa71ff27fc2769a1b78a27578f13a17b -> 
  custom:container-demuxer-webm: 4f35f7cbe854078d1ac9338744f61a02 -> 
  custom:container-demuxer-ogg: 62fdf1f143b41e24485cea50d1cbac27 -> 
  custom:video-encoder-webm-vp8: eb34c28f22e8b96e1ab97ce403110664 -> 
  custom:video-decoder-webm-vp8: 9c59270c3fd7afecdb556c50c9e8de78 -> 
  custom:audio-decoder-ogg-vorbis: bf7c407c2cedff20999df2af8eb42d56 -> 
  custom:audio-encoder-webm-vorbis: bf7c407c2cedff20999df2af8eb42d56 -> 
========================================================================
Received Prepare
Registering precompiled user dll's ...
Registered in 0.006633 seconds.
Begin MonoManager ReloadAssembly
Native extension for WindowsStandalone target not found
Refreshing native plugins compatible for Editor in 0.83 ms, found 3 plugins.
Preloading 0 native plugins for Editor in 0.00 ms.
Mono: successfully reloaded assembly
- Completed reload, in  1.796 seconds
Platform modules already initialized, skipping
Refreshing native plugins compatible for Editor in 0.80 ms, found 3 plugins.
Preloading 0 native plugins for Editor in 0.00 ms.
Unloading 2398 Unused Serialized files (Serialized files now loaded: 0)
System memory in use before: 109.1 MB.
System memory in use after: 109.2 MB.

Unloading 21 unused Assets to reduce memory usage. Loaded Objects now: 2921.
Total: 3.486000 ms (FindLiveObjects: 0.297800 ms CreateObjectMapping: 0.148700 ms MarkObjects: 2.854000 ms  DeleteObjects: 0.183400 ms)

AssetImportParameters requested are different than current active one (requested -> active):
  custom:framework-win-MediaFoundation: 216162199b28c13a410421893ffa2e32 -> 
  custom:video-decoder-ogg-theora: a1e56fd34408186e4bbccfd4996cb3dc -> 
  custom:container-muxer-webm: aa71ff27fc2769a1b78a27578f13a17b -> 
  custom:container-demuxer-webm: 4f35f7cbe854078d1ac9338744f61a02 -> 
  custom:container-demuxer-ogg: 62fdf1f143b41e24485cea50d1cbac27 -> 
  custom:video-encoder-webm-vp8: eb34c28f22e8b96e1ab97ce403110664 -> 
  custom:video-decoder-webm-vp8: 9c59270c3fd7afecdb556c50c9e8de78 -> 
  custom:audio-decoder-ogg-vorbis: bf7c407c2cedff20999df2af8eb42d56 -> 
  custom:audio-encoder-webm-vorbis: bf7c407c2cedff20999df2af8eb42d56 -> 
========================================================================
Received Prepare
Registering precompiled user dll's ...
Registered in 0.006733 seconds.
Begin MonoManager ReloadAssembly
Native extension for WindowsStandalone target not found
Refreshing native plugins compatible for Editor in 0.78 ms, found 3 plugins.
Preloading 0 native plugins for Editor in 0.00 ms.
Mono: successfully reloaded assembly
- Completed reload, in  1.606 seconds
Platform modules already initialized, skipping
Refreshing native plugins compatible for Editor in 0.80 ms, found 3 plugins.
Preloading 0 native plugins for Editor in 0.00 ms.
Unloading 2398 Unused Serialized files (Serialized files now loaded: 0)
System memory in use before: 109.1 MB.
System memory in use after: 109.1 MB.

Unloading 21 unused Assets to reduce memory usage. Loaded Objects now: 2924.
Total: 3.599900 ms (FindLiveObjects: 0.306100 ms CreateObjectMapping: 0.149500 ms MarkObjects: 2.959300 ms  DeleteObjects: 0.182900 ms)

AssetImportParameters requested are different than current active one (requested -> active):
  custom:framework-win-MediaFoundation: 216162199b28c13a410421893ffa2e32 -> 
  custom:video-decoder-ogg-theora: a1e56fd34408186e4bbccfd4996cb3dc -> 
  custom:container-muxer-webm: aa71ff27fc2769a1b78a27578f13a17b -> 
  custom:container-demuxer-webm: 4f35f7cbe854078d1ac9338744f61a02 -> 
  custom:container-demuxer-ogg: 62fdf1f143b41e24485cea50d1cbac27 -> 
  custom:video-encoder-webm-vp8: eb34c28f22e8b96e1ab97ce403110664 -> 
  custom:video-decoder-webm-vp8: 9c59270c3fd7afecdb556c50c9e8de78 -> 
  custom:audio-decoder-ogg-vorbis: bf7c407c2cedff20999df2af8eb42d56 -> 
  custom:audio-encoder-webm-vorbis: bf7c407c2cedff20999df2af8eb42d56 -> 
========================================================================
Received Prepare
Registering precompiled user dll's ...
Registered in 0.008057 seconds.
Begin MonoManager ReloadAssembly
Native extension for WindowsStandalone target not found
Refreshing native plugins compatible for Editor in 0.83 ms, found 3 plugins.
Preloading 0 native plugins for Editor in 0.00 ms.
Mono: successfully reloaded assembly
- Completed reload, in  2.183 seconds
Platform modules already initialized, skipping
Refreshing native plugins compatible for Editor in 0.83 ms, found 3 plugins.
Preloading 0 native plugins for Editor in 0.00 ms.
Unloading 2398 Unused Serialized files (Serialized files now loaded: 0)
System memory in use before: 109.2 MB.
System memory in use after: 109.2 MB.

Unloading 21 unused Assets to reduce memory usage. Loaded Objects now: 2927.
Total: 3.394300 ms (FindLiveObjects: 0.312600 ms CreateObjectMapping: 0.153100 ms MarkObjects: 2.752200 ms  DeleteObjects: 0.174200 ms)

AssetImportParameters requested are different than current active one (requested -> active):
  custom:framework-win-MediaFoundation: 216162199b28c13a410421893ffa2e32 -> 
  custom:video-decoder-ogg-theora: a1e56fd34408186e4bbccfd4996cb3dc -> 
  custom:container-muxer-webm: aa71ff27fc2769a1b78a27578f13a17b -> 
  custom:container-demuxer-webm: 4f35f7cbe854078d1ac9338744f61a02 -> 
  custom:container-demuxer-ogg: 62fdf1f143b41e24485cea50d1cbac27 -> 
  custom:video-encoder-webm-vp8: eb34c28f22e8b96e1ab97ce403110664 -> 
  custom:video-decoder-webm-vp8: 9c59270c3fd7afecdb556c50c9e8de78 -> 
  custom:audio-decoder-ogg-vorbis: bf7c407c2cedff20999df2af8eb42d56 -> 
  custom:audio-encoder-webm-vorbis: bf7c407c2cedff20999df2af8eb42d56 -> 
========================================================================
Received Prepare
Registering precompiled user dll's ...
Registered in 0.006401 seconds.
Begin MonoManager ReloadAssembly
Native extension for WindowsStandalone target not found
Refreshing native plugins compatible for Editor in 0.77 ms, found 3 plugins.
Preloading 0 native plugins for Editor in 0.00 ms.
Mono: successfully reloaded assembly
- Completed reload, in  1.640 seconds
Platform modules already initialized, skipping
Refreshing native plugins compatible for Editor in 0.80 ms, found 3 plugins.
Preloading 0 native plugins for Editor in 0.00 ms.
Unloading 2398 Unused Serialized files (Serialized files now loaded: 0)
System memory in use before: 109.2 MB.
System memory in use after: 109.2 MB.

Unloading 21 unused Assets to reduce memory usage. Loaded Objects now: 2930.
Total: 3.487700 ms (FindLiveObjects: 0.322400 ms CreateObjectMapping: 0.148800 ms MarkObjects: 2.831700 ms  DeleteObjects: 0.182800 ms)

AssetImportParameters requested are different than current active one (requested -> active):
  custom:framework-win-MediaFoundation: 216162199b28c13a410421893ffa2e32 -> 
  custom:video-decoder-ogg-theora: a1e56fd34408186e4bbccfd4996cb3dc -> 
  custom:container-muxer-webm: aa71ff27fc2769a1b78a27578f13a17b -> 
  custom:container-demuxer-webm: 4f35f7cbe854078d1ac9338744f61a02 -> 
  custom:container-demuxer-ogg: 62fdf1f143b41e24485cea50d1cbac27 -> 
  custom:video-encoder-webm-vp8: eb34c28f22e8b96e1ab97ce403110664 -> 
  custom:video-decoder-webm-vp8: 9c59270c3fd7afecdb556c50c9e8de78 -> 
  custom:audio-decoder-ogg-vorbis: bf7c407c2cedff20999df2af8eb42d56 -> 
  custom:audio-encoder-webm-vorbis: bf7c407c2cedff20999df2af8eb42d56 -> 
========================================================================
Received Prepare
Registering precompiled user dll's ...
Registered in 0.006889 seconds.
Begin MonoManager ReloadAssembly
Native extension for WindowsStandalone target not found
Refreshing native plugins compatible for Editor in 1.01 ms, found 3 plugins.
Preloading 0 native plugins for Editor in 0.00 ms.
Mono: successfully reloaded assembly
- Completed reload, in  1.734 seconds
Platform modules already initialized, skipping
Refreshing native plugins compatible for Editor in 1.01 ms, found 3 plugins.
Preloading 0 native plugins for Editor in 0.00 ms.
Unloading 2398 Unused Serialized files (Serialized files now loaded: 0)
System memory in use before: 109.2 MB.
System memory in use after: 109.3 MB.

Unloading 21 unused Assets to reduce memory usage. Loaded Objects now: 2933.
Total: 26.783700 ms (FindLiveObjects: 0.328000 ms CreateObjectMapping: 0.154600 ms MarkObjects: 25.736700 ms  DeleteObjects: 0.561300 ms)

AssetImportParameters requested are different than current active one (requested -> active):
  custom:framework-win-MediaFoundation: 216162199b28c13a410421893ffa2e32 -> 
  custom:video-decoder-ogg-theora: a1e56fd34408186e4bbccfd4996cb3dc -> 
  custom:container-muxer-webm: aa71ff27fc2769a1b78a27578f13a17b -> 
  custom:container-demuxer-webm: 4f35f7cbe854078d1ac9338744f61a02 -> 
  custom:container-demuxer-ogg: 62fdf1f143b41e24485cea50d1cbac27 -> 
  custom:video-encoder-webm-vp8: eb34c28f22e8b96e1ab97ce403110664 -> 
  custom:video-decoder-webm-vp8: 9c59270c3fd7afecdb556c50c9e8de78 -> 
  custom:audio-decoder-ogg-vorbis: bf7c407c2cedff20999df2af8eb42d56 -> 
  custom:audio-encoder-webm-vorbis: bf7c407c2cedff20999df2af8eb42d56 -> 
========================================================================
Received Prepare
Registering precompiled user dll's ...
Registered in 0.006817 seconds.
Begin MonoManager ReloadAssembly
Native extension for WindowsStandalone target not found
Refreshing native plugins compatible for Editor in 0.80 ms, found 3 plugins.
Preloading 0 native plugins for Editor in 0.00 ms.
Mono: successfully reloaded assembly
- Completed reload, in  1.665 seconds
Platform modules already initialized, skipping
Refreshing native plugins compatible for Editor in 0.93 ms, found 3 plugins.
Preloading 0 native plugins for Editor in 0.00 ms.
Unloading 2398 Unused Serialized files (Serialized files now loaded: 0)
System memory in use before: 109.2 MB.
System memory in use after: 109.3 MB.

Unloading 21 unused Assets to reduce memory usage. Loaded Objects now: 2936.
Total: 3.925600 ms (FindLiveObjects: 0.315200 ms CreateObjectMapping: 0.153800 ms MarkObjects: 3.182600 ms  DeleteObjects: 0.271200 ms)

AssetImportParameters requested are different than current active one (requested -> active):
  custom:framework-win-MediaFoundation: 216162199b28c13a410421893ffa2e32 -> 
  custom:video-decoder-ogg-theora: a1e56fd34408186e4bbccfd4996cb3dc -> 
  custom:container-muxer-webm: aa71ff27fc2769a1b78a27578f13a17b -> 
  custom:container-demuxer-webm: 4f35f7cbe854078d1ac9338744f61a02 -> 
  custom:container-demuxer-ogg: 62fdf1f143b41e24485cea50d1cbac27 -> 
  custom:video-encoder-webm-vp8: eb34c28f22e8b96e1ab97ce403110664 -> 
  custom:video-decoder-webm-vp8: 9c59270c3fd7afecdb556c50c9e8de78 -> 
  custom:audio-decoder-ogg-vorbis: bf7c407c2cedff20999df2af8eb42d56 -> 
  custom:audio-encoder-webm-vorbis: bf7c407c2cedff20999df2af8eb42d56 -> 
========================================================================
Received Prepare
Registering precompiled user dll's ...
Registered in 0.006348 seconds.
Begin MonoManager ReloadAssembly
Native extension for WindowsStandalone target not found
Refreshing native plugins compatible for Editor in 0.79 ms, found 3 plugins.
Preloading 0 native plugins for Editor in 0.00 ms.
Mono: successfully reloaded assembly
- Completed reload, in  1.622 seconds
Platform modules already initialized, skipping
Refreshing native plugins compatible for Editor in 0.84 ms, found 3 plugins.
Preloading 0 native plugins for Editor in 0.00 ms.
Unloading 2398 Unused Serialized files (Serialized files now loaded: 0)
System memory in use before: 109.1 MB.
System memory in use after: 109.2 MB.

Unloading 21 unused Assets to reduce memory usage. Loaded Objects now: 2939.
Total: 3.783000 ms (FindLiveObjects: 0.295100 ms CreateObjectMapping: 0.153400 ms MarkObjects: 3.150100 ms  DeleteObjects: 0.181900 ms)

AssetImportParameters requested are different than current active one (requested -> active):
  custom:framework-win-MediaFoundation: 216162199b28c13a410421893ffa2e32 -> 
  custom:video-decoder-ogg-theora: a1e56fd34408186e4bbccfd4996cb3dc -> 
  custom:container-muxer-webm: aa71ff27fc2769a1b78a27578f13a17b -> 
  custom:container-demuxer-webm: 4f35f7cbe854078d1ac9338744f61a02 -> 
  custom:container-demuxer-ogg: 62fdf1f143b41e24485cea50d1cbac27 -> 
  custom:video-encoder-webm-vp8: eb34c28f22e8b96e1ab97ce403110664 -> 
  custom:video-decoder-webm-vp8: 9c59270c3fd7afecdb556c50c9e8de78 -> 
  custom:audio-decoder-ogg-vorbis: bf7c407c2cedff20999df2af8eb42d56 -> 
  custom:audio-encoder-webm-vorbis: bf7c407c2cedff20999df2af8eb42d56 -> 
========================================================================
Received Import Request.
  Time since last request: 858.966643 seconds.
  path: Assets/Prefabs/ObjectPooler.prefab
  artifactKey: Guid(5fb5b5c207e629e49a633604d32cb4d1) Importer(815301076,1909f56bfc062723c751e8b465ee728b)
Start importing Assets/Prefabs/ObjectPooler.prefab using Guid(5fb5b5c207e629e49a633604d32cb4d1) Importer(815301076,1909f56bfc062723c751e8b465ee728b)  -> (artifact id: '35453a91028c7c20e2f3155e38d3ec69') in 0.077486 seconds 
  Import took 0.085457 seconds .

========================================================================
Received Prepare
Registering precompiled user dll's ...
Registered in 0.006705 seconds.
Begin MonoManager ReloadAssembly
Native extension for WindowsStandalone target not found
Refreshing native plugins compatible for Editor in 0.80 ms, found 3 plugins.
Preloading 0 native plugins for Editor in 0.00 ms.
Mono: successfully reloaded assembly
- Completed reload, in  1.951 seconds
Platform modules already initialized, skipping
Refreshing native plugins compatible for Editor in 0.85 ms, found 3 plugins.
Preloading 0 native plugins for Editor in 0.00 ms.
Unloading 2398 Unused Serialized files (Serialized files now loaded: 0)
System memory in use before: 109.2 MB.
System memory in use after: 109.3 MB.

Unloading 21 unused Assets to reduce memory usage. Loaded Objects now: 2942.
Total: 3.626600 ms (FindLiveObjects: 0.317700 ms CreateObjectMapping: 0.159200 ms MarkObjects: 2.967600 ms  DeleteObjects: 0.179900 ms)

AssetImportParameters requested are different than current active one (requested -> active):
  custom:framework-win-MediaFoundation: 216162199b28c13a410421893ffa2e32 -> 
  custom:video-decoder-ogg-theora: a1e56fd34408186e4bbccfd4996cb3dc -> 
  custom:container-muxer-webm: aa71ff27fc2769a1b78a27578f13a17b -> 
  custom:container-demuxer-webm: 4f35f7cbe854078d1ac9338744f61a02 -> 
  custom:container-demuxer-ogg: 62fdf1f143b41e24485cea50d1cbac27 -> 
  custom:video-encoder-webm-vp8: eb34c28f22e8b96e1ab97ce403110664 -> 
  custom:video-decoder-webm-vp8: 9c59270c3fd7afecdb556c50c9e8de78 -> 
  custom:audio-decoder-ogg-vorbis: bf7c407c2cedff20999df2af8eb42d56 -> 
  custom:audio-encoder-webm-vorbis: bf7c407c2cedff20999df2af8eb42d56 -> 
========================================================================
Received Import Request.
  Time since last request: 70.396462 seconds.
  path: Assets/Prefabs/HealthBarCanvas.prefab
  artifactKey: Guid(67dd627541f55a5428f9d4698da058e1) Importer(815301076,1909f56bfc062723c751e8b465ee728b)
Start importing Assets/Prefabs/HealthBarCanvas.prefab using Guid(67dd627541f55a5428f9d4698da058e1) Importer(815301076,1909f56bfc062723c751e8b465ee728b)  -> (artifact id: '9093a46e8c5f9fd4bd2f4988dd1d8a88') in 0.078998 seconds 
  Import took 0.085804 seconds .

========================================================================
Received Prepare
Registering precompiled user dll's ...
Registered in 0.007049 seconds.
Begin MonoManager ReloadAssembly
Native extension for WindowsStandalone target not found
Refreshing native plugins compatible for Editor in 0.86 ms, found 3 plugins.
Preloading 0 native plugins for Editor in 0.00 ms.
Mono: successfully reloaded assembly
- Completed reload, in  1.641 seconds
Platform modules already initialized, skipping
Refreshing native plugins compatible for Editor in 0.79 ms, found 3 plugins.
Preloading 0 native plugins for Editor in 0.00 ms.
Unloading 2398 Unused Serialized files (Serialized files now loaded: 0)
System memory in use before: 109.2 MB.
System memory in use after: 109.3 MB.

Unloading 21 unused Assets to reduce memory usage. Loaded Objects now: 2945.
Total: 3.452500 ms (FindLiveObjects: 0.294900 ms CreateObjectMapping: 0.141800 ms MarkObjects: 2.832800 ms  DeleteObjects: 0.173600 ms)

AssetImportParameters requested are different than current active one (requested -> active):
  custom:framework-win-MediaFoundation: 216162199b28c13a410421893ffa2e32 -> 
  custom:video-decoder-ogg-theora: a1e56fd34408186e4bbccfd4996cb3dc -> 
  custom:container-muxer-webm: aa71ff27fc2769a1b78a27578f13a17b -> 
  custom:container-demuxer-webm: 4f35f7cbe854078d1ac9338744f61a02 -> 
  custom:container-demuxer-ogg: 62fdf1f143b41e24485cea50d1cbac27 -> 
  custom:video-encoder-webm-vp8: eb34c28f22e8b96e1ab97ce403110664 -> 
  custom:video-decoder-webm-vp8: 9c59270c3fd7afecdb556c50c9e8de78 -> 
  custom:audio-decoder-ogg-vorbis: bf7c407c2cedff20999df2af8eb42d56 -> 
  custom:audio-encoder-webm-vorbis: bf7c407c2cedff20999df2af8eb42d56 -> 
========================================================================
Received Import Request.
  Time since last request: 14534.166437 seconds.
  path: Assets/Prefabs/Ships/Player.prefab
  artifactKey: Guid(0c069e5664818bf4282c72447d1f2eb0) Importer(815301076,1909f56bfc062723c751e8b465ee728b)
Start importing Assets/Prefabs/Ships/Player.prefab using Guid(0c069e5664818bf4282c72447d1f2eb0) Importer(815301076,1909f56bfc062723c751e8b465ee728b)  -> (artifact id: '9b622a19c3e16a90db3bccbf79339282') in 0.166135 seconds 
  Import took 0.175644 seconds .

========================================================================
Received Import Request.
  Time since last request: 7.405339 seconds.
  path: Assets/Scripts/CustomEditors
  artifactKey: Guid(a93b6925badca514c9f760bb71bf68f9) Importer(815301076,1909f56bfc062723c751e8b465ee728b)
Start importing Assets/Scripts/CustomEditors using Guid(a93b6925badca514c9f760bb71bf68f9) Importer(815301076,1909f56bfc062723c751e8b465ee728b)  -> (artifact id: '7b2e0754797de786406e611af91e530c') in 0.014788 seconds 
  Import took 0.021291 seconds .

========================================================================
Received Import Request.
  Time since last request: 5.466910 seconds.
  path: Assets/Scripts/Movement/ShipMover.cs
  artifactKey: Guid(47a6d8375075a8c409015701f77587c0) Importer(815301076,1909f56bfc062723c751e8b465ee728b)
Start importing Assets/Scripts/Movement/ShipMover.cs using Guid(47a6d8375075a8c409015701f77587c0) Importer(815301076,1909f56bfc062723c751e8b465ee728b)  -> (artifact id: '59b9d1a6e14e91389e923aef0b27de5f') in 0.012329 seconds 
  Import took 0.018937 seconds .

========================================================================
Received Import Request.
  Time since last request: 8.041839 seconds.
  path: Assets/Scripts/Movement/ShipMover.cs
  artifactKey: Guid(47a6d8375075a8c409015701f77587c0) Importer(815301076,1909f56bfc062723c751e8b465ee728b)
Start importing Assets/Scripts/Movement/ShipMover.cs using Guid(47a6d8375075a8c409015701f77587c0) Importer(815301076,1909f56bfc062723c751e8b465ee728b)  -> (artifact id: '821758ffa2517010f79151610ee4aa1b') in 0.022208 seconds 
  Import took 0.032701 seconds .

========================================================================
Received Prepare
Registering precompiled user dll's ...
Registered in 0.015760 seconds.
Begin MonoManager ReloadAssembly
Native extension for WindowsStandalone target not found
Refreshing native plugins compatible for Editor in 0.78 ms, found 3 plugins.
Preloading 0 native plugins for Editor in 0.00 ms.
Mono: successfully reloaded assembly
- Completed reload, in  1.709 seconds
Platform modules already initialized, skipping
Refreshing native plugins compatible for Editor in 1.04 ms, found 3 plugins.
Preloading 0 native plugins for Editor in 0.00 ms.
Unloading 2398 Unused Serialized files (Serialized files now loaded: 0)
System memory in use before: 109.3 MB.
System memory in use after: 109.3 MB.

Unloading 21 unused Assets to reduce memory usage. Loaded Objects now: 2949.
Total: 3.428700 ms (FindLiveObjects: 0.302600 ms CreateObjectMapping: 0.155900 ms MarkObjects: 2.779100 ms  DeleteObjects: 0.189100 ms)

AssetImportParameters requested are different than current active one (requested -> active):
  custom:framework-win-MediaFoundation: 216162199b28c13a410421893ffa2e32 -> 
  custom:video-decoder-ogg-theora: a1e56fd34408186e4bbccfd4996cb3dc -> 
  custom:container-muxer-webm: aa71ff27fc2769a1b78a27578f13a17b -> 
  custom:container-demuxer-webm: 4f35f7cbe854078d1ac9338744f61a02 -> 
  custom:container-demuxer-ogg: 62fdf1f143b41e24485cea50d1cbac27 -> 
  custom:video-encoder-webm-vp8: eb34c28f22e8b96e1ab97ce403110664 -> 
  custom:video-decoder-webm-vp8: 9c59270c3fd7afecdb556c50c9e8de78 -> 
  custom:audio-decoder-ogg-vorbis: bf7c407c2cedff20999df2af8eb42d56 -> 
  custom:audio-encoder-webm-vorbis: bf7c407c2cedff20999df2af8eb42d56 -> 
========================================================================
Received Prepare
Registering precompiled user dll's ...
Registered in 0.071103 seconds.
Begin MonoManager ReloadAssembly
Native extension for WindowsStandalone target not found
Refreshing native plugins compatible for Editor in 0.81 ms, found 3 plugins.
Preloading 0 native plugins for Editor in 0.00 ms.
Mono: successfully reloaded assembly
- Completed reload, in  1.742 seconds
Platform modules already initialized, skipping
Refreshing native plugins compatible for Editor in 0.78 ms, found 3 plugins.
Preloading 0 native plugins for Editor in 0.00 ms.
Unloading 2398 Unused Serialized files (Serialized files now loaded: 0)
System memory in use before: 109.3 MB.
System memory in use after: 109.3 MB.

Unloading 21 unused Assets to reduce memory usage. Loaded Objects now: 2952.
Total: 4.140900 ms (FindLiveObjects: 0.457300 ms CreateObjectMapping: 0.164500 ms MarkObjects: 3.259600 ms  DeleteObjects: 0.249500 ms)

AssetImportParameters requested are different than current active one (requested -> active):
  custom:framework-win-MediaFoundation: 216162199b28c13a410421893ffa2e32 -> 
  custom:video-decoder-ogg-theora: a1e56fd34408186e4bbccfd4996cb3dc -> 
  custom:container-muxer-webm: aa71ff27fc2769a1b78a27578f13a17b -> 
  custom:container-demuxer-webm: 4f35f7cbe854078d1ac9338744f61a02 -> 
  custom:container-demuxer-ogg: 62fdf1f143b41e24485cea50d1cbac27 -> 
  custom:video-encoder-webm-vp8: eb34c28f22e8b96e1ab97ce403110664 -> 
  custom:video-decoder-webm-vp8: 9c59270c3fd7afecdb556c50c9e8de78 -> 
  custom:audio-decoder-ogg-vorbis: bf7c407c2cedff20999df2af8eb42d56 -> 
  custom:audio-encoder-webm-vorbis: bf7c407c2cedff20999df2af8eb42d56 -> 
========================================================================
Received Prepare
Registering precompiled user dll's ...
Registered in 0.007488 seconds.
Begin MonoManager ReloadAssembly
Native extension for WindowsStandalone target not found
Refreshing native plugins compatible for Editor in 76.79 ms, found 3 plugins.
Preloading 0 native plugins for Editor in 0.00 ms.
Mono: successfully reloaded assembly
- Completed reload, in  1.300 seconds
Platform modules already initialized, skipping
Refreshing native plugins compatible for Editor in 0.93 ms, found 3 plugins.
Preloading 0 native plugins for Editor in 0.00 ms.
Unloading 2398 Unused Serialized files (Serialized files now loaded: 0)
System memory in use before: 107.8 MB.
System memory in use after: 107.9 MB.

Unloading 19 unused Assets to reduce memory usage. Loaded Objects now: 2949.
Total: 2.638000 ms (FindLiveObjects: 0.306800 ms CreateObjectMapping: 0.156200 ms MarkObjects: 1.984600 ms  DeleteObjects: 0.188500 ms)

AssetImportParameters requested are different than current active one (requested -> active):
  custom:framework-win-MediaFoundation: 216162199b28c13a410421893ffa2e32 -> 
  custom:video-decoder-ogg-theora: a1e56fd34408186e4bbccfd4996cb3dc -> 
  custom:container-muxer-webm: aa71ff27fc2769a1b78a27578f13a17b -> 
  custom:container-demuxer-webm: 4f35f7cbe854078d1ac9338744f61a02 -> 
  custom:container-demuxer-ogg: 62fdf1f143b41e24485cea50d1cbac27 -> 
  custom:video-encoder-webm-vp8: eb34c28f22e8b96e1ab97ce403110664 -> 
  custom:video-decoder-webm-vp8: 9c59270c3fd7afecdb556c50c9e8de78 -> 
  custom:audio-decoder-ogg-vorbis: bf7c407c2cedff20999df2af8eb42d56 -> 
  custom:audio-encoder-webm-vorbis: bf7c407c2cedff20999df2af8eb42d56 -> 
AssetImportWorkerClient::OnTransportError - code=2 error=End of file
