Using pre-set license
Built from '2020.3/staging' branch; Version is '2020.3.13f1 (71691879b7f5) revision 7432472'; Using compiler version '192528614'; Build Type 'Release'
OS: 'Windows 10 Pro; OS build 19042.1165; Version 2009; 64bit' Language: 'pt' Physical Memory: 8174 MB
BatchMode: 1, IsHumanControllingUs: 0, StartBugReporterOnCrash: 0, Is64bit: 1, IsPro: 0

 COMMAND LINE ARGUMENTS:
C:\Program Files\Unity\Hub\Editor\2020.3.13f1\Editor\Unity.exe
-adb2
-batchMode
-noUpm
-name
AssetImportWorker0
-projectPath
C:/Users/Pedro/Documents/GitHub/Top-Down-Pirate-Shooter-V2
-logFile
Logs/AssetImportWorker0.log
-srvPort
64701
Successfully changed project path to: C:/Users/Pedro/Documents/GitHub/Top-Down-Pirate-Shooter-V2
C:/Users/Pedro/Documents/GitHub/Top-Down-Pirate-Shooter-V2
Using Asset Import Pipeline V2.
Refreshing native plugins compatible for Editor in 105.43 ms, found 3 plugins.
Preloading 0 native plugins for Editor in 0.00 ms.
Initialize engine version: 2020.3.13f1 (71691879b7f5)
[Subsystems] Discovering subsystems at path C:/Program Files/Unity/Hub/Editor/2020.3.13f1/Editor/Data/Resources/UnitySubsystems
[Subsystems] Discovering subsystems at path C:/Users/Pedro/Documents/GitHub/Top-Down-Pirate-Shooter-V2/Assets
GfxDevice: creating device client; threaded=0
Direct3D:
    Version:  Direct3D 11.0 [level 11.1]
    Renderer: NVIDIA GeForce GTX 1060 3GB (ID=0x1c02)
    Vendor:   
    VRAM:     2988 MB
    Driver:   27.21.14.6089
Initialize mono
Mono path[0] = 'C:/Program Files/Unity/Hub/Editor/2020.3.13f1/Editor/Data/Managed'
Mono path[1] = 'C:/Program Files/Unity/Hub/Editor/2020.3.13f1/Editor/Data/MonoBleedingEdge/lib/mono/unityjit'
Mono config path = 'C:/Program Files/Unity/Hub/Editor/2020.3.13f1/Editor/Data/MonoBleedingEdge/etc'
Using monoOptions --debugger-agent=transport=dt_socket,embedding=1,server=y,suspend=n,address=127.0.0.1:56720
Begin MonoManager ReloadAssembly
Registering precompiled unity dll's ...
Register platform support module: C:/Program Files/Unity/Hub/Editor/2020.3.13f1/Editor/Data/PlaybackEngines/WindowsStandaloneSupport/UnityEditor.WindowsStandalone.Extensions.dll
Registered in 0.003442 seconds.
Native extension for WindowsStandalone target not found
Refreshing native plugins compatible for Editor in 108.04 ms, found 3 plugins.
Preloading 0 native plugins for Editor in 0.00 ms.
Mono: successfully reloaded assembly
- Completed reload, in  4.257 seconds
Platform modules already initialized, skipping
Registering precompiled user dll's ...
Registered in 0.007947 seconds.
Begin MonoManager ReloadAssembly
Native extension for WindowsStandalone target not found
Refreshing native plugins compatible for Editor in 92.09 ms, found 3 plugins.
Preloading 0 native plugins for Editor in 0.00 ms.
Mono: successfully reloaded assembly
- Completed reload, in  2.108 seconds
Platform modules already initialized, skipping
========================================================================
Worker process is ready to serve import requests
Launched and connected shader compiler UnityShaderCompiler.exe after 0.23 seconds
Refreshing native plugins compatible for Editor in 0.79 ms, found 3 plugins.
Preloading 0 native plugins for Editor in 0.00 ms.
Unloading 2416 Unused Serialized files (Serialized files now loaded: 0)
System memory in use before: 106.9 MB.
System memory in use after: 107.0 MB.

Unloading 34 unused Assets to reduce memory usage. Loaded Objects now: 2854.
Total: 3.482200 ms (FindLiveObjects: 0.308100 ms CreateObjectMapping: 0.155500 ms MarkObjects: 2.826200 ms  DeleteObjects: 0.190400 ms)

AssetImportParameters requested are different than current active one (requested -> active):
  custom:framework-win-MediaFoundation: 216162199b28c13a410421893ffa2e32 -> 
  custom:video-decoder-ogg-theora: a1e56fd34408186e4bbccfd4996cb3dc -> 
  custom:container-muxer-webm: aa71ff27fc2769a1b78a27578f13a17b -> 
  custom:container-demuxer-webm: 4f35f7cbe854078d1ac9338744f61a02 -> 
  custom:container-demuxer-ogg: 62fdf1f143b41e24485cea50d1cbac27 -> 
  custom:video-encoder-webm-vp8: eb34c28f22e8b96e1ab97ce403110664 -> 
  custom:video-decoder-webm-vp8: 9c59270c3fd7afecdb556c50c9e8de78 -> 
  custom:audio-decoder-ogg-vorbis: bf7c407c2cedff20999df2af8eb42d56 -> 
  custom:audio-encoder-webm-vorbis: bf7c407c2cedff20999df2af8eb42d56 -> 
========================================================================
Received Import Request.
  path: Assets/Prefabs/Ships/Player.prefab
  artifactKey: Guid(0c069e5664818bf4282c72447d1f2eb0) Importer(815301076,1909f56bfc062723c751e8b465ee728b)
Start importing Assets/Prefabs/Ships/Player.prefab using Guid(0c069e5664818bf4282c72447d1f2eb0) Importer(815301076,1909f56bfc062723c751e8b465ee728b)  -> (artifact id: '7df0496848b564ccd660cb6ca061a93a') in 0.229439 seconds 
  Import took 0.235569 seconds .

========================================================================
Received Import Request.
  Time since last request: 0.126906 seconds.
  path: Assets/Prefabs/Ships/Player.prefab
  artifactKey: Guid(0c069e5664818bf4282c72447d1f2eb0) Importer(815301076,1909f56bfc062723c751e8b465ee728b)
Start importing Assets/Prefabs/Ships/Player.prefab using Guid(0c069e5664818bf4282c72447d1f2eb0) Importer(815301076,1909f56bfc062723c751e8b465ee728b)  -> (artifact id: '7df0496848b564ccd660cb6ca061a93a') in 0.028430 seconds 
  Import took 0.034721 seconds .

========================================================================
Received Prepare
Registering precompiled user dll's ...
Registered in 0.007223 seconds.
Begin MonoManager ReloadAssembly
Native extension for WindowsStandalone target not found
Refreshing native plugins compatible for Editor in 0.81 ms, found 3 plugins.
Preloading 0 native plugins for Editor in 0.00 ms.
Mono: successfully reloaded assembly
- Completed reload, in  1.732 seconds
Platform modules already initialized, skipping
Refreshing native plugins compatible for Editor in 0.95 ms, found 3 plugins.
Preloading 0 native plugins for Editor in 0.00 ms.
Unloading 2398 Unused Serialized files (Serialized files now loaded: 0)
System memory in use before: 108.9 MB.
System memory in use after: 108.9 MB.

Unloading 21 unused Assets to reduce memory usage. Loaded Objects now: 2864.
Total: 3.337800 ms (FindLiveObjects: 0.291200 ms CreateObjectMapping: 0.160900 ms MarkObjects: 2.712400 ms  DeleteObjects: 0.171400 ms)

AssetImportParameters requested are different than current active one (requested -> active):
  custom:framework-win-MediaFoundation: 216162199b28c13a410421893ffa2e32 -> 
  custom:video-decoder-ogg-theora: a1e56fd34408186e4bbccfd4996cb3dc -> 
  custom:container-muxer-webm: aa71ff27fc2769a1b78a27578f13a17b -> 
  custom:container-demuxer-webm: 4f35f7cbe854078d1ac9338744f61a02 -> 
  custom:container-demuxer-ogg: 62fdf1f143b41e24485cea50d1cbac27 -> 
  custom:video-encoder-webm-vp8: eb34c28f22e8b96e1ab97ce403110664 -> 
  custom:video-decoder-webm-vp8: 9c59270c3fd7afecdb556c50c9e8de78 -> 
  custom:audio-decoder-ogg-vorbis: bf7c407c2cedff20999df2af8eb42d56 -> 
  custom:audio-encoder-webm-vorbis: bf7c407c2cedff20999df2af8eb42d56 -> 
========================================================================
Received Prepare
Registering precompiled user dll's ...
Registered in 0.008158 seconds.
Begin MonoManager ReloadAssembly
Native extension for WindowsStandalone target not found
Refreshing native plugins compatible for Editor in 0.78 ms, found 3 plugins.
Preloading 0 native plugins for Editor in 0.00 ms.
Mono: successfully reloaded assembly
- Completed reload, in  2.057 seconds
Platform modules already initialized, skipping
Refreshing native plugins compatible for Editor in 0.90 ms, found 3 plugins.
Preloading 0 native plugins for Editor in 0.00 ms.
Unloading 2398 Unused Serialized files (Serialized files now loaded: 0)
System memory in use before: 108.9 MB.
System memory in use after: 109.0 MB.

Unloading 21 unused Assets to reduce memory usage. Loaded Objects now: 2867.
Total: 5.113400 ms (FindLiveObjects: 0.338500 ms CreateObjectMapping: 0.215700 ms MarkObjects: 4.378300 ms  DeleteObjects: 0.178400 ms)

AssetImportParameters requested are different than current active one (requested -> active):
  custom:framework-win-MediaFoundation: 216162199b28c13a410421893ffa2e32 -> 
  custom:video-decoder-ogg-theora: a1e56fd34408186e4bbccfd4996cb3dc -> 
  custom:container-muxer-webm: aa71ff27fc2769a1b78a27578f13a17b -> 
  custom:container-demuxer-webm: 4f35f7cbe854078d1ac9338744f61a02 -> 
  custom:container-demuxer-ogg: 62fdf1f143b41e24485cea50d1cbac27 -> 
  custom:video-encoder-webm-vp8: eb34c28f22e8b96e1ab97ce403110664 -> 
  custom:video-decoder-webm-vp8: 9c59270c3fd7afecdb556c50c9e8de78 -> 
  custom:audio-decoder-ogg-vorbis: bf7c407c2cedff20999df2af8eb42d56 -> 
  custom:audio-encoder-webm-vorbis: bf7c407c2cedff20999df2af8eb42d56 -> 
========================================================================
Received Import Request.
  Time since last request: 1112.092169 seconds.
  path: Assets/Scripts/UserInterface/GameOverMenu.cs
  artifactKey: Guid(efe924242c026af4b977fcebbc77fbc2) Importer(815301076,1909f56bfc062723c751e8b465ee728b)
Start importing Assets/Scripts/UserInterface/GameOverMenu.cs using Guid(efe924242c026af4b977fcebbc77fbc2) Importer(815301076,1909f56bfc062723c751e8b465ee728b)  -> (artifact id: 'fb452ae1f10f7f55e35ae72e05ea1c91') in 0.034924 seconds 
  Import took 0.047635 seconds .

========================================================================
Received Prepare
Registering precompiled user dll's ...
Registered in 0.031941 seconds.
Begin MonoManager ReloadAssembly
Native extension for WindowsStandalone target not found
Refreshing native plugins compatible for Editor in 1.06 ms, found 3 plugins.
Preloading 0 native plugins for Editor in 0.00 ms.
Mono: successfully reloaded assembly
- Completed reload, in  1.876 seconds
Platform modules already initialized, skipping
Refreshing native plugins compatible for Editor in 0.79 ms, found 3 plugins.
Preloading 0 native plugins for Editor in 0.00 ms.
Unloading 2399 Unused Serialized files (Serialized files now loaded: 0)
System memory in use before: 109.0 MB.
System memory in use after: 109.0 MB.

Unloading 21 unused Assets to reduce memory usage. Loaded Objects now: 2871.
Total: 3.827900 ms (FindLiveObjects: 0.298700 ms CreateObjectMapping: 0.147300 ms MarkObjects: 3.192700 ms  DeleteObjects: 0.187100 ms)

AssetImportParameters requested are different than current active one (requested -> active):
  custom:framework-win-MediaFoundation: 216162199b28c13a410421893ffa2e32 -> 
  custom:video-decoder-ogg-theora: a1e56fd34408186e4bbccfd4996cb3dc -> 
  custom:container-muxer-webm: aa71ff27fc2769a1b78a27578f13a17b -> 
  custom:container-demuxer-webm: 4f35f7cbe854078d1ac9338744f61a02 -> 
  custom:container-demuxer-ogg: 62fdf1f143b41e24485cea50d1cbac27 -> 
  custom:video-encoder-webm-vp8: eb34c28f22e8b96e1ab97ce403110664 -> 
  custom:video-decoder-webm-vp8: 9c59270c3fd7afecdb556c50c9e8de78 -> 
  custom:audio-decoder-ogg-vorbis: bf7c407c2cedff20999df2af8eb42d56 -> 
  custom:audio-encoder-webm-vorbis: bf7c407c2cedff20999df2af8eb42d56 -> 
========================================================================
Received Prepare
Registering precompiled user dll's ...
Registered in 0.006683 seconds.
Begin MonoManager ReloadAssembly
Native extension for WindowsStandalone target not found
Refreshing native plugins compatible for Editor in 0.77 ms, found 3 plugins.
Preloading 0 native plugins for Editor in 0.00 ms.
Mono: successfully reloaded assembly
- Completed reload, in  1.661 seconds
Platform modules already initialized, skipping
Refreshing native plugins compatible for Editor in 0.87 ms, found 3 plugins.
Preloading 0 native plugins for Editor in 0.00 ms.
Unloading 2399 Unused Serialized files (Serialized files now loaded: 0)
System memory in use before: 109.0 MB.
System memory in use after: 109.1 MB.

Unloading 21 unused Assets to reduce memory usage. Loaded Objects now: 2874.
Total: 3.619500 ms (FindLiveObjects: 0.327400 ms CreateObjectMapping: 0.153900 ms MarkObjects: 2.951600 ms  DeleteObjects: 0.184400 ms)

AssetImportParameters requested are different than current active one (requested -> active):
  custom:framework-win-MediaFoundation: 216162199b28c13a410421893ffa2e32 -> 
  custom:video-decoder-ogg-theora: a1e56fd34408186e4bbccfd4996cb3dc -> 
  custom:container-muxer-webm: aa71ff27fc2769a1b78a27578f13a17b -> 
  custom:container-demuxer-webm: 4f35f7cbe854078d1ac9338744f61a02 -> 
  custom:container-demuxer-ogg: 62fdf1f143b41e24485cea50d1cbac27 -> 
  custom:video-encoder-webm-vp8: eb34c28f22e8b96e1ab97ce403110664 -> 
  custom:video-decoder-webm-vp8: 9c59270c3fd7afecdb556c50c9e8de78 -> 
  custom:audio-decoder-ogg-vorbis: bf7c407c2cedff20999df2af8eb42d56 -> 
  custom:audio-encoder-webm-vorbis: bf7c407c2cedff20999df2af8eb42d56 -> 
========================================================================
Received Import Request.
  Time since last request: 32.647442 seconds.
  path: Assets/Scripts/UserInterface/GameOverMenu.cs
  artifactKey: Guid(efe924242c026af4b977fcebbc77fbc2) Importer(815301076,1909f56bfc062723c751e8b465ee728b)
Start importing Assets/Scripts/UserInterface/GameOverMenu.cs using Guid(efe924242c026af4b977fcebbc77fbc2) Importer(815301076,1909f56bfc062723c751e8b465ee728b)  -> (artifact id: 'f36e884a2af6751397a6f673cccab882') in 0.008455 seconds 
  Import took 0.014403 seconds .

========================================================================
Received Prepare
Registering precompiled user dll's ...
Registered in 0.006518 seconds.
Begin MonoManager ReloadAssembly
Native extension for WindowsStandalone target not found
Refreshing native plugins compatible for Editor in 0.78 ms, found 3 plugins.
Preloading 0 native plugins for Editor in 0.00 ms.
Mono: successfully reloaded assembly
- Completed reload, in  1.919 seconds
Platform modules already initialized, skipping
Refreshing native plugins compatible for Editor in 0.82 ms, found 3 plugins.
Preloading 0 native plugins for Editor in 0.00 ms.
Unloading 2399 Unused Serialized files (Serialized files now loaded: 0)
System memory in use before: 108.9 MB.
System memory in use after: 109.0 MB.

Unloading 21 unused Assets to reduce memory usage. Loaded Objects now: 2877.
Total: 3.671300 ms (FindLiveObjects: 0.320300 ms CreateObjectMapping: 0.151300 ms MarkObjects: 3.019100 ms  DeleteObjects: 0.178500 ms)

AssetImportParameters requested are different than current active one (requested -> active):
  custom:framework-win-MediaFoundation: 216162199b28c13a410421893ffa2e32 -> 
  custom:video-decoder-ogg-theora: a1e56fd34408186e4bbccfd4996cb3dc -> 
  custom:container-muxer-webm: aa71ff27fc2769a1b78a27578f13a17b -> 
  custom:container-demuxer-webm: 4f35f7cbe854078d1ac9338744f61a02 -> 
  custom:container-demuxer-ogg: 62fdf1f143b41e24485cea50d1cbac27 -> 
  custom:video-encoder-webm-vp8: eb34c28f22e8b96e1ab97ce403110664 -> 
  custom:video-decoder-webm-vp8: 9c59270c3fd7afecdb556c50c9e8de78 -> 
  custom:audio-decoder-ogg-vorbis: bf7c407c2cedff20999df2af8eb42d56 -> 
  custom:audio-encoder-webm-vorbis: bf7c407c2cedff20999df2af8eb42d56 -> 
========================================================================
Received Import Request.
  Time since last request: 145.768000 seconds.
  path: Assets/Scripts/UserInterface/GameOverMenu.cs
  artifactKey: Guid(efe924242c026af4b977fcebbc77fbc2) Importer(815301076,1909f56bfc062723c751e8b465ee728b)
Start importing Assets/Scripts/UserInterface/GameOverMenu.cs using Guid(efe924242c026af4b977fcebbc77fbc2) Importer(815301076,1909f56bfc062723c751e8b465ee728b)  -> (artifact id: '9d595e0deee90272c0dca355fdbe4c02') in 0.021403 seconds 
  Import took 0.029031 seconds .

========================================================================
Received Prepare
Registering precompiled user dll's ...
Registered in 0.007923 seconds.
Begin MonoManager ReloadAssembly
Native extension for WindowsStandalone target not found
Refreshing native plugins compatible for Editor in 0.78 ms, found 3 plugins.
Preloading 0 native plugins for Editor in 0.00 ms.
Mono: successfully reloaded assembly
- Completed reload, in  1.991 seconds
Platform modules already initialized, skipping
Refreshing native plugins compatible for Editor in 0.99 ms, found 3 plugins.
Preloading 0 native plugins for Editor in 0.00 ms.
Unloading 2399 Unused Serialized files (Serialized files now loaded: 0)
System memory in use before: 109.0 MB.
System memory in use after: 109.1 MB.

Unloading 21 unused Assets to reduce memory usage. Loaded Objects now: 2880.
Total: 4.838500 ms (FindLiveObjects: 0.836100 ms CreateObjectMapping: 0.296000 ms MarkObjects: 3.523800 ms  DeleteObjects: 0.180200 ms)

AssetImportParameters requested are different than current active one (requested -> active):
  custom:framework-win-MediaFoundation: 216162199b28c13a410421893ffa2e32 -> 
  custom:video-decoder-ogg-theora: a1e56fd34408186e4bbccfd4996cb3dc -> 
  custom:container-muxer-webm: aa71ff27fc2769a1b78a27578f13a17b -> 
  custom:container-demuxer-webm: 4f35f7cbe854078d1ac9338744f61a02 -> 
  custom:container-demuxer-ogg: 62fdf1f143b41e24485cea50d1cbac27 -> 
  custom:video-encoder-webm-vp8: eb34c28f22e8b96e1ab97ce403110664 -> 
  custom:video-decoder-webm-vp8: 9c59270c3fd7afecdb556c50c9e8de78 -> 
  custom:audio-decoder-ogg-vorbis: bf7c407c2cedff20999df2af8eb42d56 -> 
  custom:audio-encoder-webm-vorbis: bf7c407c2cedff20999df2af8eb42d56 -> 
========================================================================
Received Import Request.
  Time since last request: 143.060586 seconds.
  path: Assets/Scripts/UserInterface/GameOverMenu.cs
  artifactKey: Guid(efe924242c026af4b977fcebbc77fbc2) Importer(815301076,1909f56bfc062723c751e8b465ee728b)
Start importing Assets/Scripts/UserInterface/GameOverMenu.cs using Guid(efe924242c026af4b977fcebbc77fbc2) Importer(815301076,1909f56bfc062723c751e8b465ee728b)  -> (artifact id: '231f392a27c57879a7f80c680a27df71') in 0.011097 seconds 
  Import took 0.017957 seconds .

========================================================================
Received Prepare
Registering precompiled user dll's ...
Registered in 0.006595 seconds.
Begin MonoManager ReloadAssembly
Native extension for WindowsStandalone target not found
Refreshing native plugins compatible for Editor in 0.78 ms, found 3 plugins.
Preloading 0 native plugins for Editor in 0.00 ms.
Mono: successfully reloaded assembly
- Completed reload, in  1.773 seconds
Platform modules already initialized, skipping
Refreshing native plugins compatible for Editor in 0.81 ms, found 3 plugins.
Preloading 0 native plugins for Editor in 0.00 ms.
Unloading 2399 Unused Serialized files (Serialized files now loaded: 0)
System memory in use before: 109.0 MB.
System memory in use after: 109.1 MB.

Unloading 21 unused Assets to reduce memory usage. Loaded Objects now: 2883.
Total: 3.454000 ms (FindLiveObjects: 0.313200 ms CreateObjectMapping: 0.148100 ms MarkObjects: 2.807600 ms  DeleteObjects: 0.182800 ms)

AssetImportParameters requested are different than current active one (requested -> active):
  custom:framework-win-MediaFoundation: 216162199b28c13a410421893ffa2e32 -> 
  custom:video-decoder-ogg-theora: a1e56fd34408186e4bbccfd4996cb3dc -> 
  custom:container-muxer-webm: aa71ff27fc2769a1b78a27578f13a17b -> 
  custom:container-demuxer-webm: 4f35f7cbe854078d1ac9338744f61a02 -> 
  custom:container-demuxer-ogg: 62fdf1f143b41e24485cea50d1cbac27 -> 
  custom:video-encoder-webm-vp8: eb34c28f22e8b96e1ab97ce403110664 -> 
  custom:video-decoder-webm-vp8: 9c59270c3fd7afecdb556c50c9e8de78 -> 
  custom:audio-decoder-ogg-vorbis: bf7c407c2cedff20999df2af8eb42d56 -> 
  custom:audio-encoder-webm-vorbis: bf7c407c2cedff20999df2af8eb42d56 -> 
========================================================================
Received Prepare
Registering precompiled user dll's ...
Registered in 0.006646 seconds.
Begin MonoManager ReloadAssembly
Native extension for WindowsStandalone target not found
Refreshing native plugins compatible for Editor in 0.76 ms, found 3 plugins.
Preloading 0 native plugins for Editor in 0.00 ms.
Mono: successfully reloaded assembly
- Completed reload, in  1.706 seconds
Platform modules already initialized, skipping
Refreshing native plugins compatible for Editor in 0.80 ms, found 3 plugins.
Preloading 0 native plugins for Editor in 0.00 ms.
Unloading 2399 Unused Serialized files (Serialized files now loaded: 0)
System memory in use before: 109.0 MB.
System memory in use after: 109.1 MB.

Unloading 21 unused Assets to reduce memory usage. Loaded Objects now: 2886.
Total: 3.832900 ms (FindLiveObjects: 0.343200 ms CreateObjectMapping: 0.197700 ms MarkObjects: 3.115100 ms  DeleteObjects: 0.174400 ms)

AssetImportParameters requested are different than current active one (requested -> active):
  custom:framework-win-MediaFoundation: 216162199b28c13a410421893ffa2e32 -> 
  custom:video-decoder-ogg-theora: a1e56fd34408186e4bbccfd4996cb3dc -> 
  custom:container-muxer-webm: aa71ff27fc2769a1b78a27578f13a17b -> 
  custom:container-demuxer-webm: 4f35f7cbe854078d1ac9338744f61a02 -> 
  custom:container-demuxer-ogg: 62fdf1f143b41e24485cea50d1cbac27 -> 
  custom:video-encoder-webm-vp8: eb34c28f22e8b96e1ab97ce403110664 -> 
  custom:video-decoder-webm-vp8: 9c59270c3fd7afecdb556c50c9e8de78 -> 
  custom:audio-decoder-ogg-vorbis: bf7c407c2cedff20999df2af8eb42d56 -> 
  custom:audio-encoder-webm-vorbis: bf7c407c2cedff20999df2af8eb42d56 -> 
========================================================================
Received Import Request.
  Time since last request: 385.117708 seconds.
  path: Assets/Scenes/MainMenuScene.unity
  artifactKey: Guid(2cda990e2423bbf4892e6590ba056729) Importer(815301076,1909f56bfc062723c751e8b465ee728b)
Start importing Assets/Scenes/MainMenuScene.unity using Guid(2cda990e2423bbf4892e6590ba056729) Importer(815301076,1909f56bfc062723c751e8b465ee728b)  -> (artifact id: '452efd9a6b01e7265d1b0ce512fa725a') in 0.038500 seconds 
  Import took 0.043998 seconds .

========================================================================
Received Prepare
Registering precompiled user dll's ...
Registered in 0.006780 seconds.
Begin MonoManager ReloadAssembly
Native extension for WindowsStandalone target not found
Refreshing native plugins compatible for Editor in 0.80 ms, found 3 plugins.
Preloading 0 native plugins for Editor in 0.00 ms.
Mono: successfully reloaded assembly
- Completed reload, in  1.707 seconds
Platform modules already initialized, skipping
Refreshing native plugins compatible for Editor in 0.79 ms, found 3 plugins.
Preloading 0 native plugins for Editor in 0.00 ms.
Unloading 2399 Unused Serialized files (Serialized files now loaded: 0)
System memory in use before: 109.1 MB.
System memory in use after: 109.1 MB.

Unloading 21 unused Assets to reduce memory usage. Loaded Objects now: 2889.
Total: 3.741200 ms (FindLiveObjects: 0.311400 ms CreateObjectMapping: 0.145900 ms MarkObjects: 3.106600 ms  DeleteObjects: 0.175300 ms)

AssetImportParameters requested are different than current active one (requested -> active):
  custom:framework-win-MediaFoundation: 216162199b28c13a410421893ffa2e32 -> 
  custom:video-decoder-ogg-theora: a1e56fd34408186e4bbccfd4996cb3dc -> 
  custom:container-muxer-webm: aa71ff27fc2769a1b78a27578f13a17b -> 
  custom:container-demuxer-webm: 4f35f7cbe854078d1ac9338744f61a02 -> 
  custom:container-demuxer-ogg: 62fdf1f143b41e24485cea50d1cbac27 -> 
  custom:video-encoder-webm-vp8: eb34c28f22e8b96e1ab97ce403110664 -> 
  custom:video-decoder-webm-vp8: 9c59270c3fd7afecdb556c50c9e8de78 -> 
  custom:audio-decoder-ogg-vorbis: bf7c407c2cedff20999df2af8eb42d56 -> 
  custom:audio-encoder-webm-vorbis: bf7c407c2cedff20999df2af8eb42d56 -> 
========================================================================
Received Prepare
Registering precompiled user dll's ...
Registered in 0.006759 seconds.
Begin MonoManager ReloadAssembly
Native extension for WindowsStandalone target not found
Refreshing native plugins compatible for Editor in 0.77 ms, found 3 plugins.
Preloading 0 native plugins for Editor in 0.00 ms.
Mono: successfully reloaded assembly
- Completed reload, in  1.707 seconds
Platform modules already initialized, skipping
Refreshing native plugins compatible for Editor in 0.81 ms, found 3 plugins.
Preloading 0 native plugins for Editor in 0.00 ms.
Unloading 2399 Unused Serialized files (Serialized files now loaded: 0)
System memory in use before: 109.0 MB.
System memory in use after: 109.0 MB.

Unloading 21 unused Assets to reduce memory usage. Loaded Objects now: 2892.
Total: 3.512900 ms (FindLiveObjects: 0.302600 ms CreateObjectMapping: 0.148200 ms MarkObjects: 2.879600 ms  DeleteObjects: 0.180600 ms)

AssetImportParameters requested are different than current active one (requested -> active):
  custom:framework-win-MediaFoundation: 216162199b28c13a410421893ffa2e32 -> 
  custom:video-decoder-ogg-theora: a1e56fd34408186e4bbccfd4996cb3dc -> 
  custom:container-muxer-webm: aa71ff27fc2769a1b78a27578f13a17b -> 
  custom:container-demuxer-webm: 4f35f7cbe854078d1ac9338744f61a02 -> 
  custom:container-demuxer-ogg: 62fdf1f143b41e24485cea50d1cbac27 -> 
  custom:video-encoder-webm-vp8: eb34c28f22e8b96e1ab97ce403110664 -> 
  custom:video-decoder-webm-vp8: 9c59270c3fd7afecdb556c50c9e8de78 -> 
  custom:audio-decoder-ogg-vorbis: bf7c407c2cedff20999df2af8eb42d56 -> 
  custom:audio-encoder-webm-vorbis: bf7c407c2cedff20999df2af8eb42d56 -> 
========================================================================
Received Import Request.
  Time since last request: 247.633768 seconds.
  path: Assets/Prefabs/HealthBarCanvas.prefab
  artifactKey: Guid(67dd627541f55a5428f9d4698da058e1) Importer(815301076,1909f56bfc062723c751e8b465ee728b)
Start importing Assets/Prefabs/HealthBarCanvas.prefab using Guid(67dd627541f55a5428f9d4698da058e1) Importer(815301076,1909f56bfc062723c751e8b465ee728b)  -> (artifact id: '0ac4ed2906da46800e9adaff1b759981') in 0.103251 seconds 
  Import took 0.114950 seconds .

========================================================================
Received Prepare
Registering precompiled user dll's ...
Registered in 0.009793 seconds.
Begin MonoManager ReloadAssembly
Native extension for WindowsStandalone target not found
Refreshing native plugins compatible for Editor in 1.01 ms, found 3 plugins.
Preloading 0 native plugins for Editor in 0.00 ms.
Mono: successfully reloaded assembly
- Completed reload, in  2.022 seconds
Platform modules already initialized, skipping
Refreshing native plugins compatible for Editor in 1.16 ms, found 3 plugins.
Preloading 0 native plugins for Editor in 0.00 ms.
Unloading 2399 Unused Serialized files (Serialized files now loaded: 0)
System memory in use before: 109.1 MB.
System memory in use after: 109.2 MB.

Unloading 21 unused Assets to reduce memory usage. Loaded Objects now: 2895.
Total: 6.477400 ms (FindLiveObjects: 0.335000 ms CreateObjectMapping: 0.766200 ms MarkObjects: 5.169600 ms  DeleteObjects: 0.204000 ms)

AssetImportParameters requested are different than current active one (requested -> active):
  custom:framework-win-MediaFoundation: 216162199b28c13a410421893ffa2e32 -> 
  custom:video-decoder-ogg-theora: a1e56fd34408186e4bbccfd4996cb3dc -> 
  custom:container-muxer-webm: aa71ff27fc2769a1b78a27578f13a17b -> 
  custom:container-demuxer-webm: 4f35f7cbe854078d1ac9338744f61a02 -> 
  custom:container-demuxer-ogg: 62fdf1f143b41e24485cea50d1cbac27 -> 
  custom:video-encoder-webm-vp8: eb34c28f22e8b96e1ab97ce403110664 -> 
  custom:video-decoder-webm-vp8: 9c59270c3fd7afecdb556c50c9e8de78 -> 
  custom:audio-decoder-ogg-vorbis: bf7c407c2cedff20999df2af8eb42d56 -> 
  custom:audio-encoder-webm-vorbis: bf7c407c2cedff20999df2af8eb42d56 -> 
========================================================================
Received Prepare
Registering precompiled user dll's ...
Registered in 0.006643 seconds.
Begin MonoManager ReloadAssembly
Native extension for WindowsStandalone target not found
Refreshing native plugins compatible for Editor in 0.77 ms, found 3 plugins.
Preloading 0 native plugins for Editor in 0.00 ms.
Mono: successfully reloaded assembly
- Completed reload, in  1.769 seconds
Platform modules already initialized, skipping
Refreshing native plugins compatible for Editor in 0.85 ms, found 3 plugins.
Preloading 0 native plugins for Editor in 0.00 ms.
Unloading 2399 Unused Serialized files (Serialized files now loaded: 0)
System memory in use before: 109.1 MB.
System memory in use after: 109.2 MB.

Unloading 21 unused Assets to reduce memory usage. Loaded Objects now: 2898.
Total: 4.579800 ms (FindLiveObjects: 0.345500 ms CreateObjectMapping: 0.151100 ms MarkObjects: 3.881200 ms  DeleteObjects: 0.199200 ms)

AssetImportParameters requested are different than current active one (requested -> active):
  custom:framework-win-MediaFoundation: 216162199b28c13a410421893ffa2e32 -> 
  custom:video-decoder-ogg-theora: a1e56fd34408186e4bbccfd4996cb3dc -> 
  custom:container-muxer-webm: aa71ff27fc2769a1b78a27578f13a17b -> 
  custom:container-demuxer-webm: 4f35f7cbe854078d1ac9338744f61a02 -> 
  custom:container-demuxer-ogg: 62fdf1f143b41e24485cea50d1cbac27 -> 
  custom:video-encoder-webm-vp8: eb34c28f22e8b96e1ab97ce403110664 -> 
  custom:video-decoder-webm-vp8: 9c59270c3fd7afecdb556c50c9e8de78 -> 
  custom:audio-decoder-ogg-vorbis: bf7c407c2cedff20999df2af8eb42d56 -> 
  custom:audio-encoder-webm-vorbis: bf7c407c2cedff20999df2af8eb42d56 -> 
========================================================================
Received Import Request.
  Time since last request: 118.884131 seconds.
  path: Assets/Prefabs/Scenario/SimpleIsland_1.prefab
  artifactKey: Guid(8fb9956348176f74a9da56829e02fd58) Importer(815301076,1909f56bfc062723c751e8b465ee728b)
Start importing Assets/Prefabs/Scenario/SimpleIsland_1.prefab using Guid(8fb9956348176f74a9da56829e02fd58) Importer(815301076,1909f56bfc062723c751e8b465ee728b)  -> (artifact id: '8f9239cce2c4a38403ebef588de01101') in 0.099738 seconds 
  Import took 0.108662 seconds .

========================================================================
Received Import Request.
  Time since last request: 0.000422 seconds.
  path: Assets/Prefabs/Scenario/SimpleIsland_2.prefab
  artifactKey: Guid(95a95a3e5ffd73d4781bdcf3614ff717) Importer(815301076,1909f56bfc062723c751e8b465ee728b)
Start importing Assets/Prefabs/Scenario/SimpleIsland_2.prefab using Guid(95a95a3e5ffd73d4781bdcf3614ff717) Importer(815301076,1909f56bfc062723c751e8b465ee728b)  -> (artifact id: '6d373eb7ff32a86360542c3a4d93acb6') in 0.041953 seconds 
  Import took 0.049934 seconds .

========================================================================
Received Import Request.
  Time since last request: 0.000407 seconds.
  path: Assets/Prefabs/Scenario/SimpleIsland_1.prefab
  artifactKey: Guid(8fb9956348176f74a9da56829e02fd58) Importer(815301076,1909f56bfc062723c751e8b465ee728b)
Start importing Assets/Prefabs/Scenario/SimpleIsland_1.prefab using Guid(8fb9956348176f74a9da56829e02fd58) Importer(815301076,1909f56bfc062723c751e8b465ee728b)  -> (artifact id: '8f9239cce2c4a38403ebef588de01101') in 0.020212 seconds 
  Import took 0.026289 seconds .

========================================================================
Received Import Request.
  Time since last request: 0.000442 seconds.
  path: Assets/Prefabs/Scenario/SimpleIsland_2.prefab
  artifactKey: Guid(95a95a3e5ffd73d4781bdcf3614ff717) Importer(815301076,1909f56bfc062723c751e8b465ee728b)
Start importing Assets/Prefabs/Scenario/SimpleIsland_2.prefab using Guid(95a95a3e5ffd73d4781bdcf3614ff717) Importer(815301076,1909f56bfc062723c751e8b465ee728b)  -> (artifact id: '6d373eb7ff32a86360542c3a4d93acb6') in 0.022494 seconds 
  Import took 0.030156 seconds .

========================================================================
Received Import Request.
  Time since last request: 5.921508 seconds.
  path: Assets/Scenes/Stage01.unity
  artifactKey: Guid(44a3649fb14bbca4481746e295a807f4) Importer(815301076,1909f56bfc062723c751e8b465ee728b)
Start importing Assets/Scenes/Stage01.unity using Guid(44a3649fb14bbca4481746e295a807f4) Importer(815301076,1909f56bfc062723c751e8b465ee728b)  -> (artifact id: '64d2320d8d4751b502143d7f7ea26794') in 0.013787 seconds 
  Import took 0.021943 seconds .

========================================================================
Received Import Request.
  Time since last request: 39.882732 seconds.
  path: Assets/Scenes/Stage01.unity
  artifactKey: Guid(44a3649fb14bbca4481746e295a807f4) Importer(815301076,1909f56bfc062723c751e8b465ee728b)
Start importing Assets/Scenes/Stage01.unity using Guid(44a3649fb14bbca4481746e295a807f4) Importer(815301076,1909f56bfc062723c751e8b465ee728b)  -> (artifact id: '45748b855c549c4b9c1fabd0acfeeb18') in 0.012810 seconds 
  Import took 0.019380 seconds .

========================================================================
Received Prepare
Registering precompiled user dll's ...
Registered in 0.006623 seconds.
Begin MonoManager ReloadAssembly
Native extension for WindowsStandalone target not found
Refreshing native plugins compatible for Editor in 0.78 ms, found 3 plugins.
Preloading 0 native plugins for Editor in 0.00 ms.
Mono: successfully reloaded assembly
- Completed reload, in  1.679 seconds
Platform modules already initialized, skipping
Refreshing native plugins compatible for Editor in 0.79 ms, found 3 plugins.
Preloading 0 native plugins for Editor in 0.00 ms.
Unloading 2399 Unused Serialized files (Serialized files now loaded: 0)
System memory in use before: 109.1 MB.
System memory in use after: 109.2 MB.

Unloading 21 unused Assets to reduce memory usage. Loaded Objects now: 2902.
Total: 3.766700 ms (FindLiveObjects: 0.340400 ms CreateObjectMapping: 0.148600 ms MarkObjects: 3.093600 ms  DeleteObjects: 0.181900 ms)

AssetImportParameters requested are different than current active one (requested -> active):
  custom:framework-win-MediaFoundation: 216162199b28c13a410421893ffa2e32 -> 
  custom:video-decoder-ogg-theora: a1e56fd34408186e4bbccfd4996cb3dc -> 
  custom:container-muxer-webm: aa71ff27fc2769a1b78a27578f13a17b -> 
  custom:container-demuxer-webm: 4f35f7cbe854078d1ac9338744f61a02 -> 
  custom:container-demuxer-ogg: 62fdf1f143b41e24485cea50d1cbac27 -> 
  custom:video-encoder-webm-vp8: eb34c28f22e8b96e1ab97ce403110664 -> 
  custom:video-decoder-webm-vp8: 9c59270c3fd7afecdb556c50c9e8de78 -> 
  custom:audio-decoder-ogg-vorbis: bf7c407c2cedff20999df2af8eb42d56 -> 
  custom:audio-encoder-webm-vorbis: bf7c407c2cedff20999df2af8eb42d56 -> 
========================================================================
Received Prepare
Registering precompiled user dll's ...
Registered in 0.009929 seconds.
Begin MonoManager ReloadAssembly
Native extension for WindowsStandalone target not found
Refreshing native plugins compatible for Editor in 0.78 ms, found 3 plugins.
Preloading 0 native plugins for Editor in 0.00 ms.
Mono: successfully reloaded assembly
- Completed reload, in  1.731 seconds
Platform modules already initialized, skipping
Refreshing native plugins compatible for Editor in 0.90 ms, found 3 plugins.
Preloading 0 native plugins for Editor in 0.00 ms.
Unloading 2399 Unused Serialized files (Serialized files now loaded: 0)
System memory in use before: 109.1 MB.
System memory in use after: 109.2 MB.

Unloading 21 unused Assets to reduce memory usage. Loaded Objects now: 2905.
Total: 3.816700 ms (FindLiveObjects: 0.314200 ms CreateObjectMapping: 0.158400 ms MarkObjects: 3.100900 ms  DeleteObjects: 0.241100 ms)

AssetImportParameters requested are different than current active one (requested -> active):
  custom:framework-win-MediaFoundation: 216162199b28c13a410421893ffa2e32 -> 
  custom:video-decoder-ogg-theora: a1e56fd34408186e4bbccfd4996cb3dc -> 
  custom:container-muxer-webm: aa71ff27fc2769a1b78a27578f13a17b -> 
  custom:container-demuxer-webm: 4f35f7cbe854078d1ac9338744f61a02 -> 
  custom:container-demuxer-ogg: 62fdf1f143b41e24485cea50d1cbac27 -> 
  custom:video-encoder-webm-vp8: eb34c28f22e8b96e1ab97ce403110664 -> 
  custom:video-decoder-webm-vp8: 9c59270c3fd7afecdb556c50c9e8de78 -> 
  custom:audio-decoder-ogg-vorbis: bf7c407c2cedff20999df2af8eb42d56 -> 
  custom:audio-encoder-webm-vorbis: bf7c407c2cedff20999df2af8eb42d56 -> 
========================================================================
Received Import Request.
  Time since last request: 218.594402 seconds.
  path: Assets/Scenes/Stage01.unity
  artifactKey: Guid(44a3649fb14bbca4481746e295a807f4) Importer(815301076,1909f56bfc062723c751e8b465ee728b)
Start importing Assets/Scenes/Stage01.unity using Guid(44a3649fb14bbca4481746e295a807f4) Importer(815301076,1909f56bfc062723c751e8b465ee728b)  -> (artifact id: 'd745021339a9532d4863750f1f316674') in 0.025558 seconds 
  Import took 0.031525 seconds .

========================================================================
Received Prepare
Registering precompiled user dll's ...
Registered in 0.007113 seconds.
Begin MonoManager ReloadAssembly
Native extension for WindowsStandalone target not found
Refreshing native plugins compatible for Editor in 0.81 ms, found 3 plugins.
Preloading 0 native plugins for Editor in 0.00 ms.
Mono: successfully reloaded assembly
- Completed reload, in  1.888 seconds
Platform modules already initialized, skipping
Refreshing native plugins compatible for Editor in 0.86 ms, found 3 plugins.
Preloading 0 native plugins for Editor in 0.00 ms.
Unloading 2399 Unused Serialized files (Serialized files now loaded: 0)
System memory in use before: 109.0 MB.
System memory in use after: 109.1 MB.

Unloading 21 unused Assets to reduce memory usage. Loaded Objects now: 2908.
Total: 3.588100 ms (FindLiveObjects: 0.294300 ms CreateObjectMapping: 0.158500 ms MarkObjects: 2.922900 ms  DeleteObjects: 0.210600 ms)

AssetImportParameters requested are different than current active one (requested -> active):
  custom:framework-win-MediaFoundation: 216162199b28c13a410421893ffa2e32 -> 
  custom:video-decoder-ogg-theora: a1e56fd34408186e4bbccfd4996cb3dc -> 
  custom:container-muxer-webm: aa71ff27fc2769a1b78a27578f13a17b -> 
  custom:container-demuxer-webm: 4f35f7cbe854078d1ac9338744f61a02 -> 
  custom:container-demuxer-ogg: 62fdf1f143b41e24485cea50d1cbac27 -> 
  custom:video-encoder-webm-vp8: eb34c28f22e8b96e1ab97ce403110664 -> 
  custom:video-decoder-webm-vp8: 9c59270c3fd7afecdb556c50c9e8de78 -> 
  custom:audio-decoder-ogg-vorbis: bf7c407c2cedff20999df2af8eb42d56 -> 
  custom:audio-encoder-webm-vorbis: bf7c407c2cedff20999df2af8eb42d56 -> 
========================================================================
Received Prepare
Registering precompiled user dll's ...
Registered in 0.006589 seconds.
Begin MonoManager ReloadAssembly
Native extension for WindowsStandalone target not found
Refreshing native plugins compatible for Editor in 0.77 ms, found 3 plugins.
Preloading 0 native plugins for Editor in 0.00 ms.
Mono: successfully reloaded assembly
- Completed reload, in  1.686 seconds
Platform modules already initialized, skipping
Refreshing native plugins compatible for Editor in 0.78 ms, found 3 plugins.
Preloading 0 native plugins for Editor in 0.00 ms.
Unloading 2399 Unused Serialized files (Serialized files now loaded: 0)
System memory in use before: 109.2 MB.
System memory in use after: 109.2 MB.

Unloading 21 unused Assets to reduce memory usage. Loaded Objects now: 2911.
Total: 3.814300 ms (FindLiveObjects: 0.313800 ms CreateObjectMapping: 0.168400 ms MarkObjects: 3.150100 ms  DeleteObjects: 0.179500 ms)

AssetImportParameters requested are different than current active one (requested -> active):
  custom:framework-win-MediaFoundation: 216162199b28c13a410421893ffa2e32 -> 
  custom:video-decoder-ogg-theora: a1e56fd34408186e4bbccfd4996cb3dc -> 
  custom:container-muxer-webm: aa71ff27fc2769a1b78a27578f13a17b -> 
  custom:container-demuxer-webm: 4f35f7cbe854078d1ac9338744f61a02 -> 
  custom:container-demuxer-ogg: 62fdf1f143b41e24485cea50d1cbac27 -> 
  custom:video-encoder-webm-vp8: eb34c28f22e8b96e1ab97ce403110664 -> 
  custom:video-decoder-webm-vp8: 9c59270c3fd7afecdb556c50c9e8de78 -> 
  custom:audio-decoder-ogg-vorbis: bf7c407c2cedff20999df2af8eb42d56 -> 
  custom:audio-encoder-webm-vorbis: bf7c407c2cedff20999df2af8eb42d56 -> 
========================================================================
Received Import Request.
  Time since last request: 359.997317 seconds.
  path: Assets/VisualEffects/ShipExplosionFx.prefab
  artifactKey: Guid(cce193f189b1e0d42a84c3b1d00d2d49) Importer(815301076,1909f56bfc062723c751e8b465ee728b)
Start importing Assets/VisualEffects/ShipExplosionFx.prefab using Guid(cce193f189b1e0d42a84c3b1d00d2d49) Importer(815301076,1909f56bfc062723c751e8b465ee728b)  -> (artifact id: '559b009b07cdb3280a247e6659b13a87') in 0.059345 seconds 
  Import took 0.066654 seconds .

========================================================================
Received Import Request.
  Time since last request: 0.747884 seconds.
  path: Assets/VisualEffects/ShipExplosionFx.prefab
  artifactKey: Guid(cce193f189b1e0d42a84c3b1d00d2d49) Importer(815301076,1909f56bfc062723c751e8b465ee728b)
Start importing Assets/VisualEffects/ShipExplosionFx.prefab using Guid(cce193f189b1e0d42a84c3b1d00d2d49) Importer(815301076,1909f56bfc062723c751e8b465ee728b)  -> (artifact id: '244dbce7d745d53277e32afd20678c56') in 0.016190 seconds 
  Import took 0.023534 seconds .

========================================================================
Received Import Request.
  Time since last request: 1.941635 seconds.
  path: Assets/VisualEffects/ShipExplosionFx.prefab
  artifactKey: Guid(cce193f189b1e0d42a84c3b1d00d2d49) Importer(815301076,1909f56bfc062723c751e8b465ee728b)
Start importing Assets/VisualEffects/ShipExplosionFx.prefab using Guid(cce193f189b1e0d42a84c3b1d00d2d49) Importer(815301076,1909f56bfc062723c751e8b465ee728b)  -> (artifact id: 'a14e95ab47146a141c127aa9890cc081') in 0.027577 seconds 
  Import took 0.034468 seconds .

========================================================================
Received Import Request.
  Time since last request: 2.665421 seconds.
  path: Assets/VisualEffects/ShipExplosionFx.prefab
  artifactKey: Guid(cce193f189b1e0d42a84c3b1d00d2d49) Importer(815301076,1909f56bfc062723c751e8b465ee728b)
Start importing Assets/VisualEffects/ShipExplosionFx.prefab using Guid(cce193f189b1e0d42a84c3b1d00d2d49) Importer(815301076,1909f56bfc062723c751e8b465ee728b)  -> (artifact id: 'cd25244b05034ea0f999c78d19911526') in 0.017138 seconds 
  Import took 0.023929 seconds .

========================================================================
Received Import Request.
  Time since last request: 21.773539 seconds.
  path: Assets/VisualEffects/ShipDamagedFx.prefab
  artifactKey: Guid(18a622ea7bb3e0d439b8a6652fd26b6c) Importer(815301076,1909f56bfc062723c751e8b465ee728b)
Start importing Assets/VisualEffects/ShipDamagedFx.prefab using Guid(18a622ea7bb3e0d439b8a6652fd26b6c) Importer(815301076,1909f56bfc062723c751e8b465ee728b)  -> (artifact id: '7b0a721a016f7592781076314d7d3295') in 0.017945 seconds 
  Import took 0.026734 seconds .

========================================================================
Received Import Request.
  Time since last request: 0.646830 seconds.
  path: Assets/VisualEffects/ShipDamagedFx.prefab
  artifactKey: Guid(18a622ea7bb3e0d439b8a6652fd26b6c) Importer(815301076,1909f56bfc062723c751e8b465ee728b)
Start importing Assets/VisualEffects/ShipDamagedFx.prefab using Guid(18a622ea7bb3e0d439b8a6652fd26b6c) Importer(815301076,1909f56bfc062723c751e8b465ee728b)  -> (artifact id: 'bcc03f14d6a62c9600fe9823fcb5960d') in 0.016212 seconds 
  Import took 0.023665 seconds .

========================================================================
Received Import Request.
  Time since last request: 82.225994 seconds.
  path: Assets/Prefabs/Interface
  artifactKey: Guid(67c237ab84b8fcd44a177c5e120751be) Importer(815301076,1909f56bfc062723c751e8b465ee728b)
Start importing Assets/Prefabs/Interface using Guid(67c237ab84b8fcd44a177c5e120751be) Importer(815301076,1909f56bfc062723c751e8b465ee728b)  -> (artifact id: 'd7276f082c08b450a87d5d781dfcc4d4') in 0.014415 seconds 
  Import took 0.035905 seconds .

========================================================================
Received Import Request.
  Time since last request: 3.768114 seconds.
  path: Assets/Prefabs/Interface/GameOverMenu_Canvas.prefab
  artifactKey: Guid(37c0c4f5b9123744fa227fafdf137c2a) Importer(815301076,1909f56bfc062723c751e8b465ee728b)
Start importing Assets/Prefabs/Interface/GameOverMenu_Canvas.prefab using Guid(37c0c4f5b9123744fa227fafdf137c2a) Importer(815301076,1909f56bfc062723c751e8b465ee728b)  -> (artifact id: '0ada5fee6a628dc15225b8c2797d8759') in 0.127399 seconds 
  Import took 0.135178 seconds .

========================================================================
Received Import Request.
  Time since last request: 0.007450 seconds.
  path: Assets/Prefabs/Interface/GameOverMenu_Canvas.prefab
  artifactKey: Guid(37c0c4f5b9123744fa227fafdf137c2a) Importer(815301076,1909f56bfc062723c751e8b465ee728b)
Start importing Assets/Prefabs/Interface/GameOverMenu_Canvas.prefab using Guid(37c0c4f5b9123744fa227fafdf137c2a) Importer(815301076,1909f56bfc062723c751e8b465ee728b)  -> (artifact id: '0ada5fee6a628dc15225b8c2797d8759') in 0.049612 seconds 
  Import took 0.056120 seconds .

========================================================================
Received Import Request.
  Time since last request: 4.252343 seconds.
  path: Assets/Prefabs/UserInterface
  artifactKey: Guid(67c237ab84b8fcd44a177c5e120751be) Importer(815301076,1909f56bfc062723c751e8b465ee728b)
Start importing Assets/Prefabs/UserInterface using Guid(67c237ab84b8fcd44a177c5e120751be) Importer(815301076,1909f56bfc062723c751e8b465ee728b)  -> (artifact id: '1869df12959e10f89d1b09ae9a4562af') in 0.013333 seconds 
  Import took 0.027718 seconds .

========================================================================
Received Import Request.
  Time since last request: 5.800595 seconds.
  path: Assets/Prefabs/Combat
  artifactKey: Guid(8e2fe3befbcf54043ae88593338a832b) Importer(815301076,1909f56bfc062723c751e8b465ee728b)
Start importing Assets/Prefabs/Combat using Guid(8e2fe3befbcf54043ae88593338a832b) Importer(815301076,1909f56bfc062723c751e8b465ee728b)  -> (artifact id: 'e4d6df92e826e45c4f5250cacc9c45a8') in 0.028188 seconds 
  Import took 0.034935 seconds .

========================================================================
Received Import Request.
  Time since last request: 10.043464 seconds.
  path: Assets/Prefabs/Gameplay
  artifactKey: Guid(cc80eaf6528700e4d98fb5b7d48081b0) Importer(815301076,1909f56bfc062723c751e8b465ee728b)
Start importing Assets/Prefabs/Gameplay using Guid(cc80eaf6528700e4d98fb5b7d48081b0) Importer(815301076,1909f56bfc062723c751e8b465ee728b)  -> (artifact id: '1e0a092f4c163caf788f5ba2a6ea003a') in 0.028661 seconds 
  Import took 0.036350 seconds .

========================================================================
Received Import Request.
  Time since last request: 5.014776 seconds.
  path: Assets/Prefabs/GameplayManager.prefab
  artifactKey: Guid(a6d0b69050096914cb771a527682b426) Importer(815301076,1909f56bfc062723c751e8b465ee728b)
Start importing Assets/Prefabs/GameplayManager.prefab using Guid(a6d0b69050096914cb771a527682b426) Importer(815301076,1909f56bfc062723c751e8b465ee728b)  -> (artifact id: '5a34a97ddb23d6d57782fc6a2299e2bc') in 0.089404 seconds 
  Import took 0.098655 seconds .

========================================================================
Received Import Request.
  Time since last request: 29.830120 seconds.
  path: Assets/Prefabs/Scenario/Background.prefab
  artifactKey: Guid(acd2575f6c2abff4d9450842f0037016) Importer(815301076,1909f56bfc062723c751e8b465ee728b)
Start importing Assets/Prefabs/Scenario/Background.prefab using Guid(acd2575f6c2abff4d9450842f0037016) Importer(815301076,1909f56bfc062723c751e8b465ee728b)  -> (artifact id: '3ca046c8ad3a3d7a2cb27bdb253863c4') in 0.110904 seconds 
  Import took 0.118303 seconds .

========================================================================
Received Import Request.
  Time since last request: 1.899245 seconds.
  path: Assets/Prefabs/Scenario/Walls.prefab
  artifactKey: Guid(dfacb268d1af26c47ba97db385087a28) Importer(815301076,1909f56bfc062723c751e8b465ee728b)
Start importing Assets/Prefabs/Scenario/Walls.prefab using Guid(dfacb268d1af26c47ba97db385087a28) Importer(815301076,1909f56bfc062723c751e8b465ee728b)  -> (artifact id: '8612b7589e990138e5d2bae3df57341a') in 0.018111 seconds 
  Import took 0.028024 seconds .

========================================================================
Received Import Request.
  Time since last request: 0.006856 seconds.
  path: Assets/Prefabs/Scenario/Walls.prefab
  artifactKey: Guid(dfacb268d1af26c47ba97db385087a28) Importer(815301076,1909f56bfc062723c751e8b465ee728b)
Start importing Assets/Prefabs/Scenario/Walls.prefab using Guid(dfacb268d1af26c47ba97db385087a28) Importer(815301076,1909f56bfc062723c751e8b465ee728b)  -> (artifact id: '8612b7589e990138e5d2bae3df57341a') in 0.013501 seconds 
  Import took 0.019139 seconds .

